{"/Users/eddieaviles357/Projects/Product-Management/AppError.js": {"path":"/Users/eddieaviles357/Projects/Product-Management/AppError.js","statementMap":{"0":{"start":{"line":11,"column":4},"end":{"line":11,"column":12}},"1":{"start":{"line":12,"column":4},"end":{"line":12,"column":27}},"2":{"start":{"line":13,"column":4},"end":{"line":13,"column":25}},"3":{"start":{"line":21,"column":4},"end":{"line":21,"column":24}},"4":{"start":{"line":29,"column":4},"end":{"line":29,"column":24}},"5":{"start":{"line":37,"column":4},"end":{"line":37,"column":24}},"6":{"start":{"line":45,"column":4},"end":{"line":45,"column":24}},"7":{"start":{"line":51,"column":4},"end":{"line":51,"column":23}},"8":{"start":{"line":55,"column":0},"end":{"line":62,"column":2}}},"fnMap":{"0":{"name":"(anonymous_0)","decl":{"start":{"line":10,"column":2},"end":{"line":10,"column":3}},"loc":{"start":{"line":10,"column":31},"end":{"line":14,"column":3}},"line":10},"1":{"name":"(anonymous_1)","decl":{"start":{"line":20,"column":2},"end":{"line":20,"column":3}},"loc":{"start":{"line":20,"column":37},"end":{"line":22,"column":3}},"line":20},"2":{"name":"(anonymous_2)","decl":{"start":{"line":28,"column":2},"end":{"line":28,"column":3}},"loc":{"start":{"line":28,"column":40},"end":{"line":30,"column":3}},"line":28},"3":{"name":"(anonymous_3)","decl":{"start":{"line":36,"column":2},"end":{"line":36,"column":3}},"loc":{"start":{"line":36,"column":39},"end":{"line":38,"column":3}},"line":36},"4":{"name":"(anonymous_4)","decl":{"start":{"line":44,"column":2},"end":{"line":44,"column":3}},"loc":{"start":{"line":44,"column":37},"end":{"line":46,"column":3}},"line":44},"5":{"name":"(anonymous_5)","decl":{"start":{"line":50,"column":2},"end":{"line":50,"column":3}},"loc":{"start":{"line":50,"column":48},"end":{"line":52,"column":3}},"line":50}},"branchMap":{"0":{"loc":{"start":{"line":20,"column":14},"end":{"line":20,"column":35}},"type":"default-arg","locations":[{"start":{"line":20,"column":24},"end":{"line":20,"column":35}}],"line":20},"1":{"loc":{"start":{"line":28,"column":14},"end":{"line":28,"column":38}},"type":"default-arg","locations":[{"start":{"line":28,"column":24},"end":{"line":28,"column":38}}],"line":28},"2":{"loc":{"start":{"line":36,"column":14},"end":{"line":36,"column":37}},"type":"default-arg","locations":[{"start":{"line":36,"column":24},"end":{"line":36,"column":37}}],"line":36},"3":{"loc":{"start":{"line":44,"column":14},"end":{"line":44,"column":35}},"type":"default-arg","locations":[{"start":{"line":44,"column":24},"end":{"line":44,"column":35}}],"line":44},"4":{"loc":{"start":{"line":50,"column":14},"end":{"line":50,"column":46}},"type":"default-arg","locations":[{"start":{"line":50,"column":24},"end":{"line":50,"column":46}}],"line":50}},"s":{"0":24,"1":24,"2":24,"3":2,"4":6,"5":16,"6":0,"7":0,"8":6},"f":{"0":24,"1":2,"2":6,"3":16,"4":0,"5":0},"b":{"0":[2],"1":[6],"2":[0],"3":[0],"4":[0]},"_coverageSchema":"1a1c01bbd47fc00a2c39e90264f33305004495a9","hash":"01aa7f0ca11500631227f726dfd186ca5725952d"}
,"/Users/eddieaviles357/Projects/Product-Management/app.js": {"path":"/Users/eddieaviles357/Projects/Product-Management/app.js","statementMap":{"0":{"start":{"line":3,"column":16},"end":{"line":3,"column":34}},"1":{"start":{"line":4,"column":13},"end":{"line":4,"column":28}},"2":{"start":{"line":5,"column":12},"end":{"line":5,"column":21}},"3":{"start":{"line":6,"column":28},"end":{"line":6,"column":61}},"4":{"start":{"line":7,"column":23},"end":{"line":7,"column":51}},"5":{"start":{"line":8,"column":25},"end":{"line":8,"column":55}},"6":{"start":{"line":9,"column":22},"end":{"line":9,"column":49}},"7":{"start":{"line":10,"column":19},"end":{"line":10,"column":43}},"8":{"start":{"line":11,"column":23},"end":{"line":11,"column":51}},"9":{"start":{"line":12,"column":19},"end":{"line":12,"column":43}},"10":{"start":{"line":13,"column":20},"end":{"line":13,"column":48}},"11":{"start":{"line":14,"column":26},"end":{"line":14,"column":47}},"12":{"start":{"line":16,"column":0},"end":{"line":16,"column":15}},"13":{"start":{"line":17,"column":0},"end":{"line":17,"column":24}},"14":{"start":{"line":18,"column":0},"end":{"line":18,"column":25}},"15":{"start":{"line":20,"column":0},"end":{"line":20,"column":44}},"16":{"start":{"line":21,"column":0},"end":{"line":21,"column":48}},"17":{"start":{"line":22,"column":0},"end":{"line":22,"column":42}},"18":{"start":{"line":23,"column":0},"end":{"line":23,"column":36}},"19":{"start":{"line":24,"column":0},"end":{"line":24,"column":44}},"20":{"start":{"line":25,"column":0},"end":{"line":25,"column":36}},"21":{"start":{"line":26,"column":0},"end":{"line":26,"column":41}},"22":{"start":{"line":30,"column":0},"end":{"line":32,"column":3}},"23":{"start":{"line":31,"column":4},"end":{"line":31,"column":37}},"24":{"start":{"line":35,"column":0},"end":{"line":55,"column":3}},"25":{"start":{"line":36,"column":4},"end":{"line":46,"column":5}},"26":{"start":{"line":38,"column":12},"end":{"line":38,"column":42}},"27":{"start":{"line":39,"column":12},"end":{"line":39,"column":18}},"28":{"start":{"line":41,"column":12},"end":{"line":41,"column":43}},"29":{"start":{"line":42,"column":12},"end":{"line":42,"column":18}},"30":{"start":{"line":44,"column":12},"end":{"line":44,"column":80}},"31":{"start":{"line":45,"column":12},"end":{"line":45,"column":18}},"32":{"start":{"line":48,"column":19},"end":{"line":48,"column":36}},"33":{"start":{"line":49,"column":20},"end":{"line":49,"column":31}},"34":{"start":{"line":50,"column":4},"end":{"line":50,"column":64}},"35":{"start":{"line":52,"column":4},"end":{"line":54,"column":7}},"36":{"start":{"line":57,"column":0},"end":{"line":57,"column":21}}},"fnMap":{"0":{"name":"(anonymous_0)","decl":{"start":{"line":30,"column":8},"end":{"line":30,"column":9}},"loc":{"start":{"line":30,"column":34},"end":{"line":32,"column":1}},"line":30},"1":{"name":"(anonymous_1)","decl":{"start":{"line":35,"column":8},"end":{"line":35,"column":9}},"loc":{"start":{"line":35,"column":39},"end":{"line":55,"column":1}},"line":35}},"branchMap":{"0":{"loc":{"start":{"line":36,"column":4},"end":{"line":46,"column":5}},"type":"switch","locations":[{"start":{"line":37,"column":8},"end":{"line":39,"column":18}},{"start":{"line":40,"column":8},"end":{"line":42,"column":18}},{"start":{"line":43,"column":8},"end":{"line":45,"column":18}}],"line":36},"1":{"loc":{"start":{"line":48,"column":19},"end":{"line":48,"column":36}},"type":"binary-expr","locations":[{"start":{"line":48,"column":19},"end":{"line":48,"column":29}},{"start":{"line":48,"column":33},"end":{"line":48,"column":36}}],"line":48}},"s":{"0":1,"1":1,"2":1,"3":1,"4":1,"5":1,"6":1,"7":1,"8":1,"9":1,"10":1,"11":1,"12":1,"13":1,"14":1,"15":1,"16":1,"17":1,"18":1,"19":1,"20":1,"21":1,"22":1,"23":2,"24":1,"25":2,"26":0,"27":0,"28":0,"29":0,"30":0,"31":0,"32":2,"33":2,"34":2,"35":2,"36":1},"f":{"0":2,"1":2},"b":{"0":[0,0,0],"1":[2,0]},"_coverageSchema":"1a1c01bbd47fc00a2c39e90264f33305004495a9","hash":"4630e3909fedc67762a69095282b8ba42eb39762"}
,"/Users/eddieaviles357/Projects/Product-Management/config.js": {"path":"/Users/eddieaviles357/Projects/Product-Management/config.js","statementMap":{"0":{"start":{"line":7,"column":19},"end":{"line":7,"column":74}},"1":{"start":{"line":9,"column":13},"end":{"line":9,"column":38}},"2":{"start":{"line":11,"column":16},"end":{"line":11,"column":29}},"3":{"start":{"line":12,"column":18},"end":{"line":12,"column":29}},"4":{"start":{"line":16,"column":2},"end":{"line":18,"column":57}},"5":{"start":{"line":22,"column":27},"end":{"line":22,"column":67}},"6":{"start":{"line":33,"column":0},"end":{"line":40,"column":2}}},"fnMap":{"0":{"name":"getDatabaseUri","decl":{"start":{"line":15,"column":9},"end":{"line":15,"column":23}},"loc":{"start":{"line":15,"column":26},"end":{"line":19,"column":1}},"line":15}},"branchMap":{"0":{"loc":{"start":{"line":7,"column":19},"end":{"line":7,"column":74}},"type":"binary-expr","locations":[{"start":{"line":7,"column":19},"end":{"line":7,"column":41}},{"start":{"line":7,"column":45},"end":{"line":7,"column":74}}],"line":7},"1":{"loc":{"start":{"line":9,"column":13},"end":{"line":9,"column":38}},"type":"binary-expr","locations":[{"start":{"line":9,"column":13},"end":{"line":9,"column":30}},{"start":{"line":9,"column":34},"end":{"line":9,"column":38}}],"line":9},"2":{"loc":{"start":{"line":16,"column":9},"end":{"line":18,"column":56}},"type":"cond-expr","locations":[{"start":{"line":17,"column":8},"end":{"line":17,"column":33}},{"start":{"line":18,"column":8},"end":{"line":18,"column":56}}],"line":16},"3":{"loc":{"start":{"line":18,"column":8},"end":{"line":18,"column":56}},"type":"binary-expr","locations":[{"start":{"line":18,"column":8},"end":{"line":18,"column":32}},{"start":{"line":18,"column":36},"end":{"line":18,"column":56}}],"line":18},"4":{"loc":{"start":{"line":22,"column":27},"end":{"line":22,"column":67}},"type":"cond-expr","locations":[{"start":{"line":22,"column":61},"end":{"line":22,"column":62}},{"start":{"line":22,"column":65},"end":{"line":22,"column":67}}],"line":22}},"s":{"0":6,"1":6,"2":6,"3":6,"4":6,"5":6,"6":6},"f":{"0":6},"b":{"0":[6,5],"1":[6,5],"2":[4,2],"3":[2,1],"4":[5,1]},"_coverageSchema":"1a1c01bbd47fc00a2c39e90264f33305004495a9","hash":"ba5fda82e5349f64ee9340aebb9f16fee5a491d0"}
,"/Users/eddieaviles357/Projects/Product-Management/db.js": {"path":"/Users/eddieaviles357/Projects/Product-Management/db.js","statementMap":{"0":{"start":{"line":4,"column":19},"end":{"line":4,"column":32}},"1":{"start":{"line":5,"column":27},"end":{"line":5,"column":46}},"2":{"start":{"line":10,"column":0},"end":{"line":21,"column":1}},"3":{"start":{"line":11,"column":2},"end":{"line":16,"column":5}},"4":{"start":{"line":18,"column":2},"end":{"line":20,"column":5}},"5":{"start":{"line":23,"column":0},"end":{"line":23,"column":13}},"6":{"start":{"line":25,"column":0},"end":{"line":25,"column":20}}},"fnMap":{},"branchMap":{"0":{"loc":{"start":{"line":10,"column":0},"end":{"line":21,"column":1}},"type":"if","locations":[{"start":{"line":10,"column":0},"end":{"line":21,"column":1}},{"start":{"line":17,"column":7},"end":{"line":21,"column":1}}],"line":10}},"s":{"0":3,"1":3,"2":3,"3":0,"4":3,"5":3,"6":3},"f":{},"b":{"0":[0,3]},"_coverageSchema":"1a1c01bbd47fc00a2c39e90264f33305004495a9","hash":"5c6e2332c98247174aa1492ea9e49d7756102e2c"}
,"/Users/eddieaviles357/Projects/Product-Management/__test__/helpers/_testCommon.js": {"path":"/Users/eddieaviles357/Projects/Product-Management/__test__/helpers/_testCommon.js","statementMap":{"0":{"start":{"line":1,"column":15},"end":{"line":1,"column":32}},"1":{"start":{"line":3,"column":11},"end":{"line":3,"column":33}},"2":{"start":{"line":4,"column":31},"end":{"line":4,"column":54}},"3":{"start":{"line":6,"column":17},"end":{"line":6,"column":19}},"4":{"start":{"line":7,"column":18},"end":{"line":7,"column":20}},"5":{"start":{"line":8,"column":21},"end":{"line":8,"column":23}},"6":{"start":{"line":9,"column":17},"end":{"line":9,"column":19}},"7":{"start":{"line":10,"column":18},"end":{"line":10,"column":27}},"8":{"start":{"line":11,"column":18},"end":{"line":11,"column":28}},"9":{"start":{"line":15,"column":2},"end":{"line":15,"column":41}},"10":{"start":{"line":16,"column":2},"end":{"line":16,"column":43}},"11":{"start":{"line":17,"column":2},"end":{"line":17,"column":52}},"12":{"start":{"line":18,"column":2},"end":{"line":18,"column":38}},"13":{"start":{"line":19,"column":2},"end":{"line":19,"column":42}},"14":{"start":{"line":20,"column":2},"end":{"line":20,"column":40}},"15":{"start":{"line":21,"column":2},"end":{"line":21,"column":41}},"16":{"start":{"line":22,"column":2},"end":{"line":22,"column":37}},"17":{"start":{"line":23,"column":2},"end":{"line":23,"column":39}},"18":{"start":{"line":24,"column":2},"end":{"line":24,"column":47}},"19":{"start":{"line":25,"column":2},"end":{"line":25,"column":48}},"20":{"start":{"line":27,"column":26},"end":{"line":27,"column":112}},"21":{"start":{"line":29,"column":25},"end":{"line":36,"column":143}},"22":{"start":{"line":38,"column":2},"end":{"line":38,"column":84}},"23":{"start":{"line":38,"column":71},"end":{"line":38,"column":81}},"24":{"start":{"line":41,"column":27},"end":{"line":44,"column":18}},"25":{"start":{"line":46,"column":2},"end":{"line":46,"column":72}},"26":{"start":{"line":46,"column":67},"end":{"line":46,"column":69}},"27":{"start":{"line":49,"column":21},"end":{"line":54,"column":52}},"28":{"start":{"line":56,"column":2},"end":{"line":56,"column":94}},"29":{"start":{"line":56,"column":75},"end":{"line":56,"column":89}},"30":{"start":{"line":58,"column":24},"end":{"line":64,"column":54}},"31":{"start":{"line":66,"column":2},"end":{"line":66,"column":67}},"32":{"start":{"line":66,"column":62},"end":{"line":66,"column":64}},"33":{"start":{"line":69,"column":2},"end":{"line":75,"column":84}},"34":{"start":{"line":77,"column":2},"end":{"line":79,"column":84}},"35":{"start":{"line":81,"column":2},"end":{"line":86,"column":72}},"36":{"start":{"line":88,"column":2},"end":{"line":92,"column":56}},"37":{"start":{"line":96,"column":2},"end":{"line":96,"column":26}},"38":{"start":{"line":100,"column":2},"end":{"line":100,"column":29}},"39":{"start":{"line":104,"column":2},"end":{"line":104,"column":17}},"40":{"start":{"line":108,"column":0},"end":{"line":119,"column":2}}},"fnMap":{"0":{"name":"commonBeforeAll","decl":{"start":{"line":13,"column":15},"end":{"line":13,"column":30}},"loc":{"start":{"line":13,"column":33},"end":{"line":93,"column":1}},"line":13},"1":{"name":"(anonymous_1)","decl":{"start":{"line":38,"column":53},"end":{"line":38,"column":54}},"loc":{"start":{"line":38,"column":71},"end":{"line":38,"column":81}},"line":38},"2":{"name":"(anonymous_2)","decl":{"start":{"line":46,"column":57},"end":{"line":46,"column":58}},"loc":{"start":{"line":46,"column":67},"end":{"line":46,"column":69}},"line":46},"3":{"name":"(anonymous_3)","decl":{"start":{"line":56,"column":54},"end":{"line":56,"column":55}},"loc":{"start":{"line":56,"column":75},"end":{"line":56,"column":89}},"line":56},"4":{"name":"(anonymous_4)","decl":{"start":{"line":66,"column":52},"end":{"line":66,"column":53}},"loc":{"start":{"line":66,"column":62},"end":{"line":66,"column":64}},"line":66},"5":{"name":"commonBeforeEach","decl":{"start":{"line":95,"column":15},"end":{"line":95,"column":31}},"loc":{"start":{"line":95,"column":34},"end":{"line":97,"column":1}},"line":95},"6":{"name":"commonAfterEach","decl":{"start":{"line":99,"column":15},"end":{"line":99,"column":30}},"loc":{"start":{"line":99,"column":33},"end":{"line":101,"column":1}},"line":99},"7":{"name":"commonAfterAll","decl":{"start":{"line":103,"column":15},"end":{"line":103,"column":29}},"loc":{"start":{"line":103,"column":32},"end":{"line":105,"column":1}},"line":103}},"branchMap":{},"s":{"0":2,"1":2,"2":2,"3":2,"4":2,"5":2,"6":2,"7":2,"8":2,"9":2,"10":2,"11":2,"12":2,"13":2,"14":2,"15":2,"16":2,"17":2,"18":2,"19":2,"20":2,"21":2,"22":2,"23":6,"24":2,"25":2,"26":6,"27":2,"28":2,"29":4,"30":2,"31":2,"32":4,"33":2,"34":2,"35":2,"36":2,"37":23,"38":23,"39":2,"40":2},"f":{"0":2,"1":6,"2":6,"3":4,"4":4,"5":23,"6":23,"7":2},"b":{},"_coverageSchema":"1a1c01bbd47fc00a2c39e90264f33305004495a9","hash":"aa4c4d4782485bc3afda56bff0217a7d126cb01f"}
,"/Users/eddieaviles357/Projects/Product-Management/controllers/auth.js": {"path":"/Users/eddieaviles357/Projects/Product-Management/controllers/auth.js","statementMap":{"0":{"start":{"line":3,"column":14},"end":{"line":3,"column":40}},"1":{"start":{"line":4,"column":28},"end":{"line":4,"column":50}},"2":{"start":{"line":5,"column":20},"end":{"line":5,"column":48}},"3":{"start":{"line":10,"column":0},"end":{"line":20,"column":4}},"4":{"start":{"line":11,"column":2},"end":{"line":19,"column":5}},"5":{"start":{"line":12,"column":17},"end":{"line":12,"column":25}},"6":{"start":{"line":13,"column":20},"end":{"line":13,"column":46}},"7":{"start":{"line":14,"column":18},"end":{"line":14,"column":38}},"8":{"start":{"line":16,"column":4},"end":{"line":16,"column":43}},"9":{"start":{"line":18,"column":6},"end":{"line":18,"column":23}},"10":{"start":{"line":25,"column":0},"end":{"line":35,"column":1}},"11":{"start":{"line":26,"column":2},"end":{"line":34,"column":3}},"12":{"start":{"line":27,"column":35},"end":{"line":27,"column":43}},"13":{"start":{"line":28,"column":17},"end":{"line":28,"column":61}},"14":{"start":{"line":29,"column":18},"end":{"line":29,"column":35}},"15":{"start":{"line":31,"column":4},"end":{"line":31,"column":31}},"16":{"start":{"line":33,"column":4},"end":{"line":33,"column":21}}},"fnMap":{"0":{"name":"(anonymous_0)","decl":{"start":{"line":10,"column":23},"end":{"line":10,"column":24}},"loc":{"start":{"line":10,"column":49},"end":{"line":20,"column":3}},"line":10},"1":{"name":"(anonymous_1)","decl":{"start":{"line":25,"column":27},"end":{"line":25,"column":28}},"loc":{"start":{"line":25,"column":53},"end":{"line":35,"column":1}},"line":25}},"branchMap":{},"s":{"0":1,"1":1,"2":1,"3":1,"4":0,"5":0,"6":0,"7":0,"8":0,"9":0,"10":1,"11":0,"12":0,"13":0,"14":0,"15":0,"16":0},"f":{"0":0,"1":0},"b":{},"_coverageSchema":"1a1c01bbd47fc00a2c39e90264f33305004495a9","hash":"5c1ed3c72387b39686c14d04f4d383d126410b64"}
,"/Users/eddieaviles357/Projects/Product-Management/controllers/cart.js": {"path":"/Users/eddieaviles357/Projects/Product-Management/controllers/cart.js","statementMap":{"0":{"start":{"line":3,"column":13},"end":{"line":3,"column":38}},"1":{"start":{"line":5,"column":0},"end":{"line":14,"column":1}},"2":{"start":{"line":6,"column":2},"end":{"line":13,"column":3}},"3":{"start":{"line":7,"column":23},"end":{"line":7,"column":33}},"4":{"start":{"line":8,"column":19},"end":{"line":8,"column":43}},"5":{"start":{"line":10,"column":4},"end":{"line":10,"column":57}},"6":{"start":{"line":12,"column":4},"end":{"line":12,"column":21}},"7":{"start":{"line":16,"column":0},"end":{"line":27,"column":1}},"8":{"start":{"line":17,"column":2},"end":{"line":26,"column":3}},"9":{"start":{"line":18,"column":23},"end":{"line":18,"column":33}},"10":{"start":{"line":19,"column":20},"end":{"line":19,"column":46}},"11":{"start":{"line":21,"column":20},"end":{"line":21,"column":66}},"12":{"start":{"line":23,"column":4},"end":{"line":23,"column":54}},"13":{"start":{"line":25,"column":4},"end":{"line":25,"column":21}},"14":{"start":{"line":29,"column":0},"end":{"line":39,"column":1}},"15":{"start":{"line":30,"column":2},"end":{"line":38,"column":3}},"16":{"start":{"line":31,"column":34},"end":{"line":31,"column":44}},"17":{"start":{"line":32,"column":23},"end":{"line":32,"column":44}},"18":{"start":{"line":33,"column":19},"end":{"line":33,"column":70}},"19":{"start":{"line":35,"column":4},"end":{"line":35,"column":56}},"20":{"start":{"line":37,"column":4},"end":{"line":37,"column":21}},"21":{"start":{"line":41,"column":0},"end":{"line":52,"column":1}},"22":{"start":{"line":42,"column":2},"end":{"line":51,"column":3}},"23":{"start":{"line":43,"column":34},"end":{"line":43,"column":44}},"24":{"start":{"line":44,"column":23},"end":{"line":44,"column":44}},"25":{"start":{"line":46,"column":19},"end":{"line":46,"column":78}},"26":{"start":{"line":48,"column":4},"end":{"line":48,"column":56}},"27":{"start":{"line":50,"column":4},"end":{"line":50,"column":21}},"28":{"start":{"line":54,"column":0},"end":{"line":64,"column":1}},"29":{"start":{"line":55,"column":2},"end":{"line":63,"column":3}},"30":{"start":{"line":56,"column":34},"end":{"line":56,"column":44}},"31":{"start":{"line":58,"column":19},"end":{"line":58,"column":65}},"32":{"start":{"line":60,"column":4},"end":{"line":60,"column":56}},"33":{"start":{"line":62,"column":4},"end":{"line":62,"column":21}}},"fnMap":{"0":{"name":"(anonymous_0)","decl":{"start":{"line":5,"column":18},"end":{"line":5,"column":19}},"loc":{"start":{"line":5,"column":44},"end":{"line":14,"column":1}},"line":5},"1":{"name":"(anonymous_1)","decl":{"start":{"line":16,"column":20},"end":{"line":16,"column":21}},"loc":{"start":{"line":16,"column":46},"end":{"line":27,"column":1}},"line":16},"2":{"name":"(anonymous_2)","decl":{"start":{"line":29,"column":20},"end":{"line":29,"column":21}},"loc":{"start":{"line":29,"column":46},"end":{"line":39,"column":1}},"line":29},"3":{"name":"(anonymous_3)","decl":{"start":{"line":41,"column":28},"end":{"line":41,"column":29}},"loc":{"start":{"line":41,"column":54},"end":{"line":52,"column":1}},"line":41},"4":{"name":"(anonymous_4)","decl":{"start":{"line":54,"column":25},"end":{"line":54,"column":26}},"loc":{"start":{"line":54,"column":51},"end":{"line":64,"column":1}},"line":54}},"branchMap":{"0":{"loc":{"start":{"line":21,"column":20},"end":{"line":21,"column":66}},"type":"cond-expr","locations":[{"start":{"line":21,"column":30},"end":{"line":21,"column":44}},{"start":{"line":21,"column":47},"end":{"line":21,"column":66}}],"line":21},"1":{"loc":{"start":{"line":32,"column":23},"end":{"line":32,"column":44}},"type":"binary-expr","locations":[{"start":{"line":32,"column":23},"end":{"line":32,"column":31}},{"start":{"line":32,"column":35},"end":{"line":32,"column":44}}],"line":32},"2":{"loc":{"start":{"line":44,"column":23},"end":{"line":44,"column":44}},"type":"binary-expr","locations":[{"start":{"line":44,"column":23},"end":{"line":44,"column":31}},{"start":{"line":44,"column":35},"end":{"line":44,"column":44}}],"line":44}},"s":{"0":1,"1":1,"2":0,"3":0,"4":0,"5":0,"6":0,"7":1,"8":0,"9":0,"10":0,"11":0,"12":0,"13":0,"14":1,"15":0,"16":0,"17":0,"18":0,"19":0,"20":0,"21":1,"22":0,"23":0,"24":0,"25":0,"26":0,"27":0,"28":1,"29":0,"30":0,"31":0,"32":0,"33":0},"f":{"0":0,"1":0,"2":0,"3":0,"4":0},"b":{"0":[0,0],"1":[0,0],"2":[0,0]},"_coverageSchema":"1a1c01bbd47fc00a2c39e90264f33305004495a9","hash":"3d6ed3db077fc1a7892847880cf6fa90086a043c"}
,"/Users/eddieaviles357/Projects/Product-Management/controllers/categories.js": {"path":"/Users/eddieaviles357/Projects/Product-Management/controllers/categories.js","statementMap":{"0":{"start":{"line":3,"column":19},"end":{"line":3,"column":50}},"1":{"start":{"line":4,"column":28},"end":{"line":4,"column":50}},"2":{"start":{"line":6,"column":0},"end":{"line":26,"column":1}},"3":{"start":{"line":7,"column":2},"end":{"line":25,"column":3}},"4":{"start":{"line":9,"column":23},"end":{"line":9,"column":32}},"5":{"start":{"line":11,"column":4},"end":{"line":13,"column":5}},"6":{"start":{"line":12,"column":6},"end":{"line":12,"column":77}},"7":{"start":{"line":12,"column":24},"end":{"line":12,"column":77}},"8":{"start":{"line":15,"column":23},"end":{"line":15,"column":64}},"9":{"start":{"line":17,"column":4},"end":{"line":20,"column":7}},"10":{"start":{"line":24,"column":4},"end":{"line":24,"column":21}},"11":{"start":{"line":28,"column":0},"end":{"line":40,"column":1}},"12":{"start":{"line":29,"column":2},"end":{"line":39,"column":3}},"13":{"start":{"line":30,"column":27},"end":{"line":30,"column":37}},"14":{"start":{"line":31,"column":21},"end":{"line":31,"column":64}},"15":{"start":{"line":33,"column":4},"end":{"line":36,"column":6}},"16":{"start":{"line":38,"column":4},"end":{"line":38,"column":21}},"17":{"start":{"line":42,"column":0},"end":{"line":55,"column":1}},"18":{"start":{"line":43,"column":2},"end":{"line":54,"column":3}},"19":{"start":{"line":44,"column":25},"end":{"line":44,"column":33}},"20":{"start":{"line":46,"column":24},"end":{"line":46,"column":62}},"21":{"start":{"line":48,"column":4},"end":{"line":51,"column":7}},"22":{"start":{"line":53,"column":4},"end":{"line":53,"column":21}},"23":{"start":{"line":57,"column":0},"end":{"line":73,"column":1}},"24":{"start":{"line":58,"column":2},"end":{"line":72,"column":3}},"25":{"start":{"line":59,"column":18},"end":{"line":59,"column":47}},"26":{"start":{"line":60,"column":28},"end":{"line":60,"column":45}},"27":{"start":{"line":62,"column":4},"end":{"line":62,"column":79}},"28":{"start":{"line":62,"column":21},"end":{"line":62,"column":79}},"29":{"start":{"line":64,"column":21},"end":{"line":64,"column":76}},"30":{"start":{"line":66,"column":4},"end":{"line":69,"column":7}},"31":{"start":{"line":71,"column":4},"end":{"line":71,"column":21}},"32":{"start":{"line":75,"column":0},"end":{"line":90,"column":1}},"33":{"start":{"line":76,"column":2},"end":{"line":89,"column":3}},"34":{"start":{"line":77,"column":18},"end":{"line":77,"column":47}},"35":{"start":{"line":79,"column":4},"end":{"line":79,"column":79}},"36":{"start":{"line":79,"column":21},"end":{"line":79,"column":79}},"37":{"start":{"line":81,"column":29},"end":{"line":81,"column":75}},"38":{"start":{"line":83,"column":4},"end":{"line":86,"column":6}},"39":{"start":{"line":88,"column":4},"end":{"line":88,"column":21}},"40":{"start":{"line":92,"column":0},"end":{"line":109,"column":1}},"41":{"start":{"line":93,"column":2},"end":{"line":108,"column":3}},"42":{"start":{"line":94,"column":18},"end":{"line":94,"column":47}},"43":{"start":{"line":96,"column":4},"end":{"line":96,"column":74}},"44":{"start":{"line":96,"column":21},"end":{"line":96,"column":74}},"45":{"start":{"line":98,"column":32},"end":{"line":98,"column":70}},"46":{"start":{"line":100,"column":23},"end":{"line":100,"column":42}},"47":{"start":{"line":102,"column":4},"end":{"line":105,"column":7}},"48":{"start":{"line":107,"column":4},"end":{"line":107,"column":21}}},"fnMap":{"0":{"name":"(anonymous_0)","decl":{"start":{"line":6,"column":24},"end":{"line":6,"column":25}},"loc":{"start":{"line":6,"column":50},"end":{"line":26,"column":1}},"line":6},"1":{"name":"(anonymous_1)","decl":{"start":{"line":28,"column":30},"end":{"line":28,"column":31}},"loc":{"start":{"line":28,"column":56},"end":{"line":40,"column":1}},"line":28},"2":{"name":"(anonymous_2)","decl":{"start":{"line":42,"column":25},"end":{"line":42,"column":26}},"loc":{"start":{"line":42,"column":51},"end":{"line":55,"column":1}},"line":42},"3":{"name":"(anonymous_3)","decl":{"start":{"line":57,"column":25},"end":{"line":57,"column":26}},"loc":{"start":{"line":57,"column":51},"end":{"line":73,"column":1}},"line":57},"4":{"name":"(anonymous_4)","decl":{"start":{"line":75,"column":30},"end":{"line":75,"column":31}},"loc":{"start":{"line":75,"column":56},"end":{"line":90,"column":1}},"line":75},"5":{"name":"(anonymous_5)","decl":{"start":{"line":92,"column":25},"end":{"line":92,"column":26}},"loc":{"start":{"line":92,"column":51},"end":{"line":109,"column":1}},"line":92}},"branchMap":{"0":{"loc":{"start":{"line":11,"column":4},"end":{"line":13,"column":5}},"type":"if","locations":[{"start":{"line":11,"column":4},"end":{"line":13,"column":5}},{"start":{},"end":{}}],"line":11},"1":{"loc":{"start":{"line":11,"column":10},"end":{"line":11,"column":69}},"type":"binary-expr","locations":[{"start":{"line":11,"column":10},"end":{"line":11,"column":30}},{"start":{"line":11,"column":34},"end":{"line":11,"column":69}}],"line":11},"2":{"loc":{"start":{"line":12,"column":6},"end":{"line":12,"column":77}},"type":"if","locations":[{"start":{"line":12,"column":6},"end":{"line":12,"column":77}},{"start":{},"end":{}}],"line":12},"3":{"loc":{"start":{"line":62,"column":4},"end":{"line":62,"column":79}},"type":"if","locations":[{"start":{"line":62,"column":4},"end":{"line":62,"column":79}},{"start":{},"end":{}}],"line":62},"4":{"loc":{"start":{"line":79,"column":4},"end":{"line":79,"column":79}},"type":"if","locations":[{"start":{"line":79,"column":4},"end":{"line":79,"column":79}},{"start":{},"end":{}}],"line":79},"5":{"loc":{"start":{"line":96,"column":4},"end":{"line":96,"column":74}},"type":"if","locations":[{"start":{"line":96,"column":4},"end":{"line":96,"column":74}},{"start":{},"end":{}}],"line":96},"6":{"loc":{"start":{"line":100,"column":23},"end":{"line":100,"column":42}},"type":"cond-expr","locations":[{"start":{"line":100,"column":33},"end":{"line":100,"column":36}},{"start":{"line":100,"column":39},"end":{"line":100,"column":42}}],"line":100}},"s":{"0":1,"1":1,"2":1,"3":0,"4":0,"5":0,"6":0,"7":0,"8":0,"9":0,"10":0,"11":1,"12":0,"13":0,"14":0,"15":0,"16":0,"17":1,"18":0,"19":0,"20":0,"21":0,"22":0,"23":1,"24":0,"25":0,"26":0,"27":0,"28":0,"29":0,"30":0,"31":0,"32":1,"33":0,"34":0,"35":0,"36":0,"37":0,"38":0,"39":0,"40":1,"41":0,"42":0,"43":0,"44":0,"45":0,"46":0,"47":0,"48":0},"f":{"0":0,"1":0,"2":0,"3":0,"4":0,"5":0},"b":{"0":[0,0],"1":[0,0],"2":[0,0],"3":[0,0],"4":[0,0],"5":[0,0],"6":[0,0]},"_coverageSchema":"1a1c01bbd47fc00a2c39e90264f33305004495a9","hash":"1443f8809ef82a0366099cd631ab1babb306100c"}
,"/Users/eddieaviles357/Projects/Product-Management/controllers/checkout.js": {"path":"/Users/eddieaviles357/Projects/Product-Management/controllers/checkout.js","statementMap":{"0":{"start":{"line":3,"column":15},"end":{"line":3,"column":42}},"1":{"start":{"line":4,"column":28},"end":{"line":4,"column":50}},"2":{"start":{"line":10,"column":0},"end":{"line":20,"column":2}},"3":{"start":{"line":11,"column":2},"end":{"line":19,"column":3}},"4":{"start":{"line":12,"column":25},"end":{"line":12,"column":35}},"5":{"start":{"line":13,"column":22},"end":{"line":13,"column":36}},"6":{"start":{"line":14,"column":18},"end":{"line":14,"column":58}},"7":{"start":{"line":16,"column":4},"end":{"line":16,"column":50}},"8":{"start":{"line":18,"column":4},"end":{"line":18,"column":21}}},"fnMap":{"0":{"name":"(anonymous_0)","decl":{"start":{"line":10,"column":22},"end":{"line":10,"column":23}},"loc":{"start":{"line":10,"column":48},"end":{"line":20,"column":1}},"line":10}},"branchMap":{"0":{"loc":{"start":{"line":13,"column":22},"end":{"line":13,"column":36}},"type":"binary-expr","locations":[{"start":{"line":13,"column":22},"end":{"line":13,"column":30}},{"start":{"line":13,"column":34},"end":{"line":13,"column":36}}],"line":13}},"s":{"0":1,"1":1,"2":1,"3":0,"4":0,"5":0,"6":0,"7":0,"8":0},"f":{"0":0},"b":{"0":[0,0]},"_coverageSchema":"1a1c01bbd47fc00a2c39e90264f33305004495a9","hash":"b3356957effb19b5cac1d3a544a9d07ee0801423"}
,"/Users/eddieaviles357/Projects/Product-Management/controllers/products.js": {"path":"/Users/eddieaviles357/Projects/Product-Management/controllers/products.js","statementMap":{"0":{"start":{"line":3,"column":17},"end":{"line":3,"column":46}},"1":{"start":{"line":4,"column":28},"end":{"line":4,"column":50}},"2":{"start":{"line":9,"column":0},"end":{"line":28,"column":2}},"3":{"start":{"line":10,"column":2},"end":{"line":27,"column":3}},"4":{"start":{"line":12,"column":23},"end":{"line":12,"column":32}},"5":{"start":{"line":14,"column":4},"end":{"line":16,"column":5}},"6":{"start":{"line":15,"column":6},"end":{"line":15,"column":79}},"7":{"start":{"line":15,"column":26},"end":{"line":15,"column":79}},"8":{"start":{"line":18,"column":25},"end":{"line":18,"column":59}},"9":{"start":{"line":20,"column":4},"end":{"line":23,"column":7}},"10":{"start":{"line":26,"column":4},"end":{"line":26,"column":21}},"11":{"start":{"line":33,"column":0},"end":{"line":48,"column":2}},"12":{"start":{"line":34,"column":2},"end":{"line":47,"column":3}},"13":{"start":{"line":35,"column":15},"end":{"line":35,"column":36}},"14":{"start":{"line":37,"column":4},"end":{"line":37,"column":67}},"15":{"start":{"line":37,"column":18},"end":{"line":37,"column":67}},"16":{"start":{"line":39,"column":20},"end":{"line":39,"column":54}},"17":{"start":{"line":41,"column":4},"end":{"line":44,"column":7}},"18":{"start":{"line":46,"column":4},"end":{"line":46,"column":21}},"19":{"start":{"line":53,"column":0},"end":{"line":66,"column":2}},"20":{"start":{"line":54,"column":2},"end":{"line":65,"column":3}},"21":{"start":{"line":56,"column":25},"end":{"line":56,"column":33}},"22":{"start":{"line":57,"column":20},"end":{"line":57,"column":59}},"23":{"start":{"line":59,"column":4},"end":{"line":62,"column":7}},"24":{"start":{"line":64,"column":4},"end":{"line":64,"column":21}},"25":{"start":{"line":71,"column":0},"end":{"line":84,"column":2}},"26":{"start":{"line":72,"column":2},"end":{"line":83,"column":3}},"27":{"start":{"line":73,"column":22},"end":{"line":73,"column":43}},"28":{"start":{"line":74,"column":24},"end":{"line":74,"column":32}},"29":{"start":{"line":75,"column":27},"end":{"line":75,"column":79}},"30":{"start":{"line":77,"column":4},"end":{"line":80,"column":7}},"31":{"start":{"line":82,"column":4},"end":{"line":82,"column":21}},"32":{"start":{"line":90,"column":0},"end":{"line":105,"column":2}},"33":{"start":{"line":91,"column":2},"end":{"line":104,"column":3}},"34":{"start":{"line":92,"column":16},"end":{"line":92,"column":44}},"35":{"start":{"line":93,"column":16},"end":{"line":93,"column":45}},"36":{"start":{"line":94,"column":4},"end":{"line":94,"column":82}},"37":{"start":{"line":94,"column":33},"end":{"line":94,"column":82}},"38":{"start":{"line":96,"column":19},"end":{"line":96,"column":64}},"39":{"start":{"line":98,"column":4},"end":{"line":101,"column":7}},"40":{"start":{"line":103,"column":4},"end":{"line":103,"column":21}},"41":{"start":{"line":110,"column":0},"end":{"line":127,"column":1}},"42":{"start":{"line":111,"column":2},"end":{"line":126,"column":3}},"43":{"start":{"line":112,"column":16},"end":{"line":112,"column":44}},"44":{"start":{"line":113,"column":16},"end":{"line":113,"column":45}},"45":{"start":{"line":114,"column":4},"end":{"line":114,"column":82}},"46":{"start":{"line":114,"column":33},"end":{"line":114,"column":82}},"47":{"start":{"line":116,"column":33},"end":{"line":116,"column":83}},"48":{"start":{"line":118,"column":23},"end":{"line":118,"column":42}},"49":{"start":{"line":120,"column":4},"end":{"line":123,"column":7}},"50":{"start":{"line":125,"column":4},"end":{"line":125,"column":21}},"51":{"start":{"line":133,"column":0},"end":{"line":150,"column":2}},"52":{"start":{"line":134,"column":2},"end":{"line":149,"column":3}},"53":{"start":{"line":135,"column":15},"end":{"line":135,"column":36}},"54":{"start":{"line":137,"column":4},"end":{"line":137,"column":67}},"55":{"start":{"line":137,"column":18},"end":{"line":137,"column":67}},"56":{"start":{"line":139,"column":33},"end":{"line":139,"column":65}},"57":{"start":{"line":141,"column":23},"end":{"line":141,"column":42}},"58":{"start":{"line":143,"column":4},"end":{"line":146,"column":7}},"59":{"start":{"line":148,"column":4},"end":{"line":148,"column":21}}},"fnMap":{"0":{"name":"(anonymous_0)","decl":{"start":{"line":9,"column":22},"end":{"line":9,"column":23}},"loc":{"start":{"line":9,"column":48},"end":{"line":28,"column":1}},"line":9},"1":{"name":"(anonymous_1)","decl":{"start":{"line":33,"column":25},"end":{"line":33,"column":26}},"loc":{"start":{"line":33,"column":51},"end":{"line":48,"column":1}},"line":33},"2":{"name":"(anonymous_2)","decl":{"start":{"line":53,"column":21},"end":{"line":53,"column":22}},"loc":{"start":{"line":53,"column":47},"end":{"line":66,"column":1}},"line":53},"3":{"name":"(anonymous_3)","decl":{"start":{"line":71,"column":24},"end":{"line":71,"column":25}},"loc":{"start":{"line":71,"column":50},"end":{"line":84,"column":1}},"line":71},"4":{"name":"(anonymous_4)","decl":{"start":{"line":90,"column":31},"end":{"line":90,"column":32}},"loc":{"start":{"line":90,"column":57},"end":{"line":105,"column":1}},"line":90},"5":{"name":"(anonymous_5)","decl":{"start":{"line":110,"column":36},"end":{"line":110,"column":37}},"loc":{"start":{"line":110,"column":62},"end":{"line":127,"column":1}},"line":110},"6":{"name":"(anonymous_6)","decl":{"start":{"line":133,"column":28},"end":{"line":133,"column":29}},"loc":{"start":{"line":133,"column":54},"end":{"line":150,"column":1}},"line":133}},"branchMap":{"0":{"loc":{"start":{"line":14,"column":4},"end":{"line":16,"column":5}},"type":"if","locations":[{"start":{"line":14,"column":4},"end":{"line":16,"column":5}},{"start":{},"end":{}}],"line":14},"1":{"loc":{"start":{"line":14,"column":10},"end":{"line":14,"column":69}},"type":"binary-expr","locations":[{"start":{"line":14,"column":10},"end":{"line":14,"column":30}},{"start":{"line":14,"column":34},"end":{"line":14,"column":69}}],"line":14},"2":{"loc":{"start":{"line":15,"column":6},"end":{"line":15,"column":79}},"type":"if","locations":[{"start":{"line":15,"column":6},"end":{"line":15,"column":79}},{"start":{},"end":{}}],"line":15},"3":{"loc":{"start":{"line":37,"column":4},"end":{"line":37,"column":67}},"type":"if","locations":[{"start":{"line":37,"column":4},"end":{"line":37,"column":67}},{"start":{},"end":{}}],"line":37},"4":{"loc":{"start":{"line":94,"column":4},"end":{"line":94,"column":82}},"type":"if","locations":[{"start":{"line":94,"column":4},"end":{"line":94,"column":82}},{"start":{},"end":{}}],"line":94},"5":{"loc":{"start":{"line":94,"column":7},"end":{"line":94,"column":31}},"type":"binary-expr","locations":[{"start":{"line":94,"column":7},"end":{"line":94,"column":17}},{"start":{"line":94,"column":21},"end":{"line":94,"column":31}}],"line":94},"6":{"loc":{"start":{"line":114,"column":4},"end":{"line":114,"column":82}},"type":"if","locations":[{"start":{"line":114,"column":4},"end":{"line":114,"column":82}},{"start":{},"end":{}}],"line":114},"7":{"loc":{"start":{"line":114,"column":7},"end":{"line":114,"column":31}},"type":"binary-expr","locations":[{"start":{"line":114,"column":7},"end":{"line":114,"column":17}},{"start":{"line":114,"column":21},"end":{"line":114,"column":31}}],"line":114},"8":{"loc":{"start":{"line":118,"column":23},"end":{"line":118,"column":42}},"type":"cond-expr","locations":[{"start":{"line":118,"column":33},"end":{"line":118,"column":36}},{"start":{"line":118,"column":39},"end":{"line":118,"column":42}}],"line":118},"9":{"loc":{"start":{"line":137,"column":4},"end":{"line":137,"column":67}},"type":"if","locations":[{"start":{"line":137,"column":4},"end":{"line":137,"column":67}},{"start":{},"end":{}}],"line":137},"10":{"loc":{"start":{"line":141,"column":23},"end":{"line":141,"column":42}},"type":"cond-expr","locations":[{"start":{"line":141,"column":33},"end":{"line":141,"column":36}},{"start":{"line":141,"column":39},"end":{"line":141,"column":42}}],"line":141}},"s":{"0":1,"1":1,"2":1,"3":0,"4":0,"5":0,"6":0,"7":0,"8":0,"9":0,"10":0,"11":1,"12":0,"13":0,"14":0,"15":0,"16":0,"17":0,"18":0,"19":1,"20":0,"21":0,"22":0,"23":0,"24":0,"25":1,"26":0,"27":0,"28":0,"29":0,"30":0,"31":0,"32":1,"33":0,"34":0,"35":0,"36":0,"37":0,"38":0,"39":0,"40":0,"41":1,"42":0,"43":0,"44":0,"45":0,"46":0,"47":0,"48":0,"49":0,"50":0,"51":1,"52":0,"53":0,"54":0,"55":0,"56":0,"57":0,"58":0,"59":0},"f":{"0":0,"1":0,"2":0,"3":0,"4":0,"5":0,"6":0},"b":{"0":[0,0],"1":[0,0],"2":[0,0],"3":[0,0],"4":[0,0],"5":[0,0],"6":[0,0],"7":[0,0],"8":[0,0],"9":[0,0],"10":[0,0]},"_coverageSchema":"1a1c01bbd47fc00a2c39e90264f33305004495a9","hash":"a7a88f3dd2a684fa0942b7f3404aee6f63dcb2c2"}
,"/Users/eddieaviles357/Projects/Product-Management/controllers/reviews.js": {"path":"/Users/eddieaviles357/Projects/Product-Management/controllers/reviews.js","statementMap":{"0":{"start":{"line":3,"column":16},"end":{"line":3,"column":44}},"1":{"start":{"line":4,"column":28},"end":{"line":4,"column":50}},"2":{"start":{"line":10,"column":0},"end":{"line":35,"column":2}},"3":{"start":{"line":11,"column":2},"end":{"line":34,"column":3}},"4":{"start":{"line":16,"column":15},"end":{"line":16,"column":36}},"5":{"start":{"line":18,"column":4},"end":{"line":18,"column":67}},"6":{"start":{"line":18,"column":18},"end":{"line":18,"column":67}},"7":{"start":{"line":20,"column":4},"end":{"line":20,"column":56}},"8":{"start":{"line":21,"column":4},"end":{"line":21,"column":34}},"9":{"start":{"line":22,"column":4},"end":{"line":22,"column":63}},"10":{"start":{"line":22,"column":45},"end":{"line":22,"column":57}},"11":{"start":{"line":23,"column":4},"end":{"line":23,"column":39}},"12":{"start":{"line":25,"column":4},"end":{"line":30,"column":7}},"13":{"start":{"line":33,"column":4},"end":{"line":33,"column":21}},"14":{"start":{"line":40,"column":0},"end":{"line":56,"column":2}},"15":{"start":{"line":41,"column":2},"end":{"line":55,"column":3}},"16":{"start":{"line":42,"column":22},"end":{"line":42,"column":50}},"17":{"start":{"line":44,"column":4},"end":{"line":44,"column":74}},"18":{"start":{"line":44,"column":25},"end":{"line":44,"column":74}},"19":{"start":{"line":46,"column":19},"end":{"line":46,"column":80}},"20":{"start":{"line":48,"column":4},"end":{"line":51,"column":7}},"21":{"start":{"line":54,"column":4},"end":{"line":54,"column":21}},"22":{"start":{"line":61,"column":0},"end":{"line":79,"column":2}},"23":{"start":{"line":62,"column":2},"end":{"line":78,"column":3}},"24":{"start":{"line":63,"column":22},"end":{"line":63,"column":50}},"25":{"start":{"line":64,"column":21},"end":{"line":64,"column":40}},"26":{"start":{"line":65,"column":29},"end":{"line":65,"column":37}},"27":{"start":{"line":67,"column":4},"end":{"line":67,"column":74}},"28":{"start":{"line":67,"column":25},"end":{"line":67,"column":74}},"29":{"start":{"line":69,"column":16},"end":{"line":69,"column":76}},"30":{"start":{"line":71,"column":4},"end":{"line":74,"column":7}},"31":{"start":{"line":77,"column":4},"end":{"line":77,"column":21}},"32":{"start":{"line":84,"column":0},"end":{"line":102,"column":2}},"33":{"start":{"line":85,"column":2},"end":{"line":101,"column":3}},"34":{"start":{"line":86,"column":22},"end":{"line":86,"column":50}},"35":{"start":{"line":87,"column":21},"end":{"line":87,"column":40}},"36":{"start":{"line":88,"column":29},"end":{"line":88,"column":37}},"37":{"start":{"line":90,"column":4},"end":{"line":90,"column":74}},"38":{"start":{"line":90,"column":25},"end":{"line":90,"column":74}},"39":{"start":{"line":92,"column":26},"end":{"line":92,"column":89}},"40":{"start":{"line":94,"column":4},"end":{"line":97,"column":7}},"41":{"start":{"line":100,"column":4},"end":{"line":100,"column":21}},"42":{"start":{"line":107,"column":0},"end":{"line":123,"column":1}},"43":{"start":{"line":108,"column":2},"end":{"line":122,"column":3}},"44":{"start":{"line":109,"column":22},"end":{"line":109,"column":50}},"45":{"start":{"line":110,"column":21},"end":{"line":110,"column":40}},"46":{"start":{"line":112,"column":30},"end":{"line":112,"column":77}},"47":{"start":{"line":114,"column":23},"end":{"line":114,"column":42}},"48":{"start":{"line":116,"column":4},"end":{"line":119,"column":7}},"49":{"start":{"line":121,"column":4},"end":{"line":121,"column":21}}},"fnMap":{"0":{"name":"(anonymous_0)","decl":{"start":{"line":10,"column":31},"end":{"line":10,"column":32}},"loc":{"start":{"line":10,"column":57},"end":{"line":35,"column":1}},"line":10},"1":{"name":"(anonymous_1)","decl":{"start":{"line":22,"column":26},"end":{"line":22,"column":27}},"loc":{"start":{"line":22,"column":45},"end":{"line":22,"column":57}},"line":22},"2":{"name":"(anonymous_2)","decl":{"start":{"line":40,"column":20},"end":{"line":40,"column":21}},"loc":{"start":{"line":40,"column":46},"end":{"line":56,"column":1}},"line":40},"3":{"name":"(anonymous_3)","decl":{"start":{"line":61,"column":29},"end":{"line":61,"column":30}},"loc":{"start":{"line":61,"column":55},"end":{"line":79,"column":1}},"line":61},"4":{"name":"(anonymous_4)","decl":{"start":{"line":84,"column":32},"end":{"line":84,"column":33}},"loc":{"start":{"line":84,"column":58},"end":{"line":102,"column":1}},"line":84},"5":{"name":"(anonymous_5)","decl":{"start":{"line":107,"column":34},"end":{"line":107,"column":35}},"loc":{"start":{"line":107,"column":60},"end":{"line":123,"column":1}},"line":107}},"branchMap":{"0":{"loc":{"start":{"line":18,"column":4},"end":{"line":18,"column":67}},"type":"if","locations":[{"start":{"line":18,"column":4},"end":{"line":18,"column":67}},{"start":{},"end":{}}],"line":18},"1":{"loc":{"start":{"line":44,"column":4},"end":{"line":44,"column":74}},"type":"if","locations":[{"start":{"line":44,"column":4},"end":{"line":44,"column":74}},{"start":{},"end":{}}],"line":44},"2":{"loc":{"start":{"line":67,"column":4},"end":{"line":67,"column":74}},"type":"if","locations":[{"start":{"line":67,"column":4},"end":{"line":67,"column":74}},{"start":{},"end":{}}],"line":67},"3":{"loc":{"start":{"line":90,"column":4},"end":{"line":90,"column":74}},"type":"if","locations":[{"start":{"line":90,"column":4},"end":{"line":90,"column":74}},{"start":{},"end":{}}],"line":90},"4":{"loc":{"start":{"line":114,"column":23},"end":{"line":114,"column":42}},"type":"cond-expr","locations":[{"start":{"line":114,"column":33},"end":{"line":114,"column":36}},{"start":{"line":114,"column":39},"end":{"line":114,"column":42}}],"line":114}},"s":{"0":1,"1":1,"2":1,"3":0,"4":0,"5":0,"6":0,"7":0,"8":0,"9":0,"10":0,"11":0,"12":0,"13":0,"14":1,"15":0,"16":0,"17":0,"18":0,"19":0,"20":0,"21":0,"22":1,"23":0,"24":0,"25":0,"26":0,"27":0,"28":0,"29":0,"30":0,"31":0,"32":1,"33":0,"34":0,"35":0,"36":0,"37":0,"38":0,"39":0,"40":0,"41":0,"42":1,"43":0,"44":0,"45":0,"46":0,"47":0,"48":0,"49":0},"f":{"0":0,"1":0,"2":0,"3":0,"4":0,"5":0},"b":{"0":[0,0],"1":[0,0],"2":[0,0],"3":[0,0],"4":[0,0]},"_coverageSchema":"1a1c01bbd47fc00a2c39e90264f33305004495a9","hash":"cd9ba8e7681f2ddbc50a6a7a25c2d73b34b8101d"}
,"/Users/eddieaviles357/Projects/Product-Management/controllers/wishlist.js": {"path":"/Users/eddieaviles357/Projects/Product-Management/controllers/wishlist.js","statementMap":{"0":{"start":{"line":3,"column":17},"end":{"line":3,"column":46}},"1":{"start":{"line":4,"column":28},"end":{"line":4,"column":50}},"2":{"start":{"line":10,"column":0},"end":{"line":19,"column":2}},"3":{"start":{"line":11,"column":2},"end":{"line":18,"column":3}},"4":{"start":{"line":12,"column":36},"end":{"line":12,"column":46}},"5":{"start":{"line":13,"column":21},"end":{"line":13,"column":67}},"6":{"start":{"line":15,"column":4},"end":{"line":15,"column":59}},"7":{"start":{"line":17,"column":4},"end":{"line":17,"column":21}},"8":{"start":{"line":24,"column":0},"end":{"line":34,"column":2}},"9":{"start":{"line":25,"column":2},"end":{"line":33,"column":3}},"10":{"start":{"line":26,"column":36},"end":{"line":26,"column":46}},"11":{"start":{"line":27,"column":20},"end":{"line":27,"column":69}},"12":{"start":{"line":28,"column":20},"end":{"line":28,"column":61}},"13":{"start":{"line":30,"column":4},"end":{"line":30,"column":54}},"14":{"start":{"line":32,"column":4},"end":{"line":32,"column":21}},"15":{"start":{"line":39,"column":0},"end":{"line":49,"column":2}},"16":{"start":{"line":40,"column":2},"end":{"line":48,"column":3}},"17":{"start":{"line":41,"column":21},"end":{"line":41,"column":40}},"18":{"start":{"line":42,"column":20},"end":{"line":42,"column":54}},"19":{"start":{"line":43,"column":20},"end":{"line":43,"column":61}},"20":{"start":{"line":45,"column":4},"end":{"line":45,"column":54}},"21":{"start":{"line":47,"column":4},"end":{"line":47,"column":21}}},"fnMap":{"0":{"name":"(anonymous_0)","decl":{"start":{"line":10,"column":24},"end":{"line":10,"column":25}},"loc":{"start":{"line":10,"column":50},"end":{"line":19,"column":1}},"line":10},"1":{"name":"(anonymous_1)","decl":{"start":{"line":24,"column":27},"end":{"line":24,"column":28}},"loc":{"start":{"line":24,"column":53},"end":{"line":34,"column":1}},"line":24},"2":{"name":"(anonymous_2)","decl":{"start":{"line":39,"column":24},"end":{"line":39,"column":25}},"loc":{"start":{"line":39,"column":50},"end":{"line":49,"column":1}},"line":39}},"branchMap":{"0":{"loc":{"start":{"line":28,"column":20},"end":{"line":28,"column":61}},"type":"cond-expr","locations":[{"start":{"line":28,"column":30},"end":{"line":28,"column":39}},{"start":{"line":28,"column":42},"end":{"line":28,"column":61}}],"line":28},"1":{"loc":{"start":{"line":43,"column":20},"end":{"line":43,"column":61}},"type":"cond-expr","locations":[{"start":{"line":43,"column":30},"end":{"line":43,"column":39}},{"start":{"line":43,"column":42},"end":{"line":43,"column":61}}],"line":43}},"s":{"0":1,"1":1,"2":1,"3":0,"4":0,"5":0,"6":0,"7":0,"8":1,"9":0,"10":0,"11":0,"12":0,"13":0,"14":0,"15":1,"16":0,"17":0,"18":0,"19":0,"20":0,"21":0},"f":{"0":0,"1":0,"2":0},"b":{"0":[0,0],"1":[0,0]},"_coverageSchema":"1a1c01bbd47fc00a2c39e90264f33305004495a9","hash":"d276475fb7b8fe49893636580a47057ee4d43b2b"}
,"/Users/eddieaviles357/Projects/Product-Management/helpers/getUserId.js": {"path":"/Users/eddieaviles357/Projects/Product-Management/helpers/getUserId.js","statementMap":{"0":{"start":{"line":3,"column":11},"end":{"line":3,"column":27}},"1":{"start":{"line":4,"column":26},"end":{"line":4,"column":48}},"2":{"start":{"line":8,"column":18},"end":{"line":17,"column":1}},"3":{"start":{"line":9,"column":2},"end":{"line":16,"column":3}},"4":{"start":{"line":10,"column":23},"end":{"line":10,"column":93}},"5":{"start":{"line":13,"column":4},"end":{"line":13,"column":69}},"6":{"start":{"line":15,"column":4},"end":{"line":15,"column":43}},"7":{"start":{"line":19,"column":0},"end":{"line":19,"column":27}}},"fnMap":{"0":{"name":"(anonymous_0)","decl":{"start":{"line":8,"column":18},"end":{"line":8,"column":19}},"loc":{"start":{"line":8,"column":38},"end":{"line":17,"column":1}},"line":8}},"branchMap":{"0":{"loc":{"start":{"line":13,"column":11},"end":{"line":13,"column":69}},"type":"cond-expr","locations":[{"start":{"line":13,"column":44},"end":{"line":13,"column":45}},{"start":{"line":13,"column":48},"end":{"line":13,"column":69}}],"line":13}},"s":{"0":3,"1":3,"2":3,"3":28,"4":28,"5":27,"6":1,"7":3},"f":{"0":28},"b":{"0":[3,24]},"_coverageSchema":"1a1c01bbd47fc00a2c39e90264f33305004495a9","hash":"620e8fe3c76b4e81bcb64f97bdbf9db4a5887426"}
,"/Users/eddieaviles357/Projects/Product-Management/helpers/removeNonAlphaNumericChars.js": {"path":"/Users/eddieaviles357/Projects/Product-Management/helpers/removeNonAlphaNumericChars.js","statementMap":{"0":{"start":{"line":2,"column":35},"end":{"line":6,"column":1}},"1":{"start":{"line":3,"column":2},"end":{"line":3,"column":67}},"2":{"start":{"line":3,"column":31},"end":{"line":3,"column":67}},"3":{"start":{"line":5,"column":2},"end":{"line":5,"column":43}},"4":{"start":{"line":8,"column":0},"end":{"line":8,"column":43}}},"fnMap":{"0":{"name":"(anonymous_0)","decl":{"start":{"line":2,"column":35},"end":{"line":2,"column":36}},"loc":{"start":{"line":2,"column":45},"end":{"line":6,"column":1}},"line":2}},"branchMap":{"0":{"loc":{"start":{"line":3,"column":2},"end":{"line":3,"column":67}},"type":"if","locations":[{"start":{"line":3,"column":2},"end":{"line":3,"column":67}},{"start":{},"end":{}}],"line":3}},"s":{"0":2,"1":1,"2":0,"3":1,"4":2},"f":{"0":1},"b":{"0":[0,1]},"_coverageSchema":"1a1c01bbd47fc00a2c39e90264f33305004495a9","hash":"889c9c0a961093f623b52406bb04f724e48dfc52"}
,"/Users/eddieaviles357/Projects/Product-Management/helpers/removeNonAlphabeticChars.js": {"path":"/Users/eddieaviles357/Projects/Product-Management/helpers/removeNonAlphabeticChars.js","statementMap":{"0":{"start":{"line":2,"column":33},"end":{"line":6,"column":1}},"1":{"start":{"line":3,"column":2},"end":{"line":3,"column":67}},"2":{"start":{"line":3,"column":31},"end":{"line":3,"column":67}},"3":{"start":{"line":5,"column":2},"end":{"line":5,"column":40}},"4":{"start":{"line":8,"column":0},"end":{"line":8,"column":41}}},"fnMap":{"0":{"name":"(anonymous_0)","decl":{"start":{"line":2,"column":33},"end":{"line":2,"column":34}},"loc":{"start":{"line":2,"column":43},"end":{"line":6,"column":1}},"line":2}},"branchMap":{"0":{"loc":{"start":{"line":3,"column":2},"end":{"line":3,"column":67}},"type":"if","locations":[{"start":{"line":3,"column":2},"end":{"line":3,"column":67}},{"start":{},"end":{}}],"line":3}},"s":{"0":2,"1":1,"2":0,"3":1,"4":2},"f":{"0":1},"b":{"0":[0,1]},"_coverageSchema":"1a1c01bbd47fc00a2c39e90264f33305004495a9","hash":"7bc929216f001ae18f0fa55a13edfc8af44c00f4"}
,"/Users/eddieaviles357/Projects/Product-Management/helpers/tokens.js": {"path":"/Users/eddieaviles357/Projects/Product-Management/helpers/tokens.js","statementMap":{"0":{"start":{"line":3,"column":12},"end":{"line":3,"column":35}},"1":{"start":{"line":4,"column":23},"end":{"line":4,"column":43}},"2":{"start":{"line":5,"column":28},"end":{"line":5,"column":50}},"3":{"start":{"line":8,"column":20},"end":{"line":18,"column":1}},"4":{"start":{"line":9,"column":2},"end":{"line":9,"column":93}},"5":{"start":{"line":11,"column":18},"end":{"line":14,"column":3}},"6":{"start":{"line":16,"column":2},"end":{"line":16,"column":62}},"7":{"start":{"line":16,"column":21},"end":{"line":16,"column":62}},"8":{"start":{"line":17,"column":2},"end":{"line":17,"column":39}},"9":{"start":{"line":20,"column":0},"end":{"line":20,"column":29}}},"fnMap":{"0":{"name":"(anonymous_0)","decl":{"start":{"line":8,"column":20},"end":{"line":8,"column":21}},"loc":{"start":{"line":8,"column":30},"end":{"line":18,"column":1}},"line":8}},"branchMap":{"0":{"loc":{"start":{"line":13,"column":13},"end":{"line":13,"column":34}},"type":"binary-expr","locations":[{"start":{"line":13,"column":13},"end":{"line":13,"column":25}},{"start":{"line":13,"column":29},"end":{"line":13,"column":34}}],"line":13},"1":{"loc":{"start":{"line":16,"column":2},"end":{"line":16,"column":62}},"type":"if","locations":[{"start":{"line":16,"column":2},"end":{"line":16,"column":62}},{"start":{},"end":{}}],"line":16}},"s":{"0":2,"1":2,"2":2,"3":2,"4":4,"5":4,"6":4,"7":1,"8":3,"9":2},"f":{"0":4},"b":{"0":[4,2],"1":[1,3]},"_coverageSchema":"1a1c01bbd47fc00a2c39e90264f33305004495a9","hash":"3533aa88bf92cf7e289475a1e189e4e8a429795a"}
,"/Users/eddieaviles357/Projects/Product-Management/middleware/auth/auth.js": {"path":"/Users/eddieaviles357/Projects/Product-Management/middleware/auth/auth.js","statementMap":{"0":{"start":{"line":5,"column":12},"end":{"line":5,"column":35}},"1":{"start":{"line":6,"column":23},"end":{"line":6,"column":46}},"2":{"start":{"line":7,"column":30},"end":{"line":7,"column":55}},"3":{"start":{"line":19,"column":2},"end":{"line":41,"column":3}},"4":{"start":{"line":25,"column":23},"end":{"line":25,"column":63}},"5":{"start":{"line":26,"column":4},"end":{"line":36,"column":5}},"6":{"start":{"line":32,"column":20},"end":{"line":32,"column":64}},"7":{"start":{"line":33,"column":6},"end":{"line":33,"column":54}},"8":{"start":{"line":38,"column":4},"end":{"line":38,"column":18}},"9":{"start":{"line":40,"column":4},"end":{"line":40,"column":18}},"10":{"start":{"line":50,"column":2},"end":{"line":59,"column":3}},"11":{"start":{"line":53,"column":4},"end":{"line":53,"column":56}},"12":{"start":{"line":53,"column":26},"end":{"line":53,"column":56}},"13":{"start":{"line":56,"column":4},"end":{"line":56,"column":18}},"14":{"start":{"line":58,"column":4},"end":{"line":58,"column":21}},"15":{"start":{"line":67,"column":2},"end":{"line":77,"column":3}},"16":{"start":{"line":71,"column":4},"end":{"line":71,"column":84}},"17":{"start":{"line":71,"column":54},"end":{"line":71,"column":84}},"18":{"start":{"line":74,"column":4},"end":{"line":74,"column":18}},"19":{"start":{"line":76,"column":4},"end":{"line":76,"column":21}},"20":{"start":{"line":85,"column":2},"end":{"line":94,"column":3}},"21":{"start":{"line":86,"column":4},"end":{"line":87,"column":52}},"22":{"start":{"line":87,"column":22},"end":{"line":87,"column":52}},"23":{"start":{"line":89,"column":4},"end":{"line":89,"column":73}},"24":{"start":{"line":89,"column":59},"end":{"line":89,"column":73}},"25":{"start":{"line":91,"column":4},"end":{"line":91,"column":34}},"26":{"start":{"line":93,"column":4},"end":{"line":93,"column":21}},"27":{"start":{"line":102,"column":2},"end":{"line":113,"column":3}},"28":{"start":{"line":104,"column":17},"end":{"line":104,"column":32}},"29":{"start":{"line":106,"column":4},"end":{"line":108,"column":5}},"30":{"start":{"line":107,"column":6},"end":{"line":107,"column":36}},"31":{"start":{"line":110,"column":4},"end":{"line":110,"column":18}},"32":{"start":{"line":112,"column":4},"end":{"line":112,"column":21}},"33":{"start":{"line":116,"column":0},"end":{"line":122,"column":2}}},"fnMap":{"0":{"name":"authenticateJWT","decl":{"start":{"line":18,"column":9},"end":{"line":18,"column":24}},"loc":{"start":{"line":18,"column":41},"end":{"line":42,"column":1}},"line":18},"1":{"name":"ensureLoggedIn","decl":{"start":{"line":49,"column":9},"end":{"line":49,"column":23}},"loc":{"start":{"line":49,"column":40},"end":{"line":60,"column":1}},"line":49},"2":{"name":"ensureAdmin","decl":{"start":{"line":66,"column":9},"end":{"line":66,"column":20}},"loc":{"start":{"line":66,"column":37},"end":{"line":78,"column":1}},"line":66},"3":{"name":"ensureUser","decl":{"start":{"line":84,"column":9},"end":{"line":84,"column":19}},"loc":{"start":{"line":84,"column":36},"end":{"line":95,"column":1}},"line":84},"4":{"name":"ensureUserOrAdmin","decl":{"start":{"line":101,"column":9},"end":{"line":101,"column":26}},"loc":{"start":{"line":101,"column":43},"end":{"line":114,"column":1}},"line":101}},"branchMap":{"0":{"loc":{"start":{"line":25,"column":23},"end":{"line":25,"column":63}},"type":"binary-expr","locations":[{"start":{"line":25,"column":23},"end":{"line":25,"column":34}},{"start":{"line":25,"column":38},"end":{"line":25,"column":63}}],"line":25},"1":{"loc":{"start":{"line":26,"column":4},"end":{"line":36,"column":5}},"type":"if","locations":[{"start":{"line":26,"column":4},"end":{"line":36,"column":5}},{"start":{},"end":{}}],"line":26},"2":{"loc":{"start":{"line":53,"column":4},"end":{"line":53,"column":56}},"type":"if","locations":[{"start":{"line":53,"column":4},"end":{"line":53,"column":56}},{"start":{},"end":{}}],"line":53},"3":{"loc":{"start":{"line":71,"column":4},"end":{"line":71,"column":84}},"type":"if","locations":[{"start":{"line":71,"column":4},"end":{"line":71,"column":84}},{"start":{},"end":{}}],"line":71},"4":{"loc":{"start":{"line":71,"column":8},"end":{"line":71,"column":52}},"type":"binary-expr","locations":[{"start":{"line":71,"column":8},"end":{"line":71,"column":24}},{"start":{"line":71,"column":28},"end":{"line":71,"column":52}}],"line":71},"5":{"loc":{"start":{"line":86,"column":4},"end":{"line":87,"column":52}},"type":"if","locations":[{"start":{"line":86,"column":4},"end":{"line":87,"column":52}},{"start":{},"end":{}}],"line":86},"6":{"loc":{"start":{"line":86,"column":7},"end":{"line":87,"column":20}},"type":"binary-expr","locations":[{"start":{"line":86,"column":7},"end":{"line":86,"column":41}},{"start":{"line":87,"column":9},"end":{"line":87,"column":20}}],"line":86},"7":{"loc":{"start":{"line":89,"column":4},"end":{"line":89,"column":73}},"type":"if","locations":[{"start":{"line":89,"column":4},"end":{"line":89,"column":73}},{"start":{},"end":{}}],"line":89},"8":{"loc":{"start":{"line":106,"column":4},"end":{"line":108,"column":5}},"type":"if","locations":[{"start":{"line":106,"column":4},"end":{"line":108,"column":5}},{"start":{},"end":{}}],"line":106},"9":{"loc":{"start":{"line":106,"column":10},"end":{"line":106,"column":73}},"type":"binary-expr","locations":[{"start":{"line":106,"column":10},"end":{"line":106,"column":14}},{"start":{"line":106,"column":19},"end":{"line":106,"column":31}},{"start":{"line":106,"column":35},"end":{"line":106,"column":72}}],"line":106}},"s":{"0":2,"1":2,"2":2,"3":5,"4":5,"5":5,"6":2,"7":2,"8":4,"9":1,"10":2,"11":2,"12":1,"13":1,"14":1,"15":3,"16":3,"17":2,"18":1,"19":2,"20":2,"21":2,"22":1,"23":1,"24":1,"25":0,"26":1,"27":4,"28":4,"29":4,"30":2,"31":2,"32":2,"33":2},"f":{"0":5,"1":2,"2":3,"3":2,"4":4},"b":{"0":[5,4],"1":[2,3],"2":[1,1],"3":[2,1],"4":[3,2],"5":[1,1],"6":[2,1],"7":[1,0],"8":[2,2],"9":[4,3,2]},"_coverageSchema":"1a1c01bbd47fc00a2c39e90264f33305004495a9","hash":"dce5f764bc77584c181e04e9514abaa94e0bdcdd"}
,"/Users/eddieaviles357/Projects/Product-Management/middleware/validation/validateSchema.js": {"path":"/Users/eddieaviles357/Projects/Product-Management/middleware/validation/validateSchema.js","statementMap":{"0":{"start":{"line":3,"column":28},"end":{"line":3,"column":53}},"1":{"start":{"line":4,"column":19},"end":{"line":4,"column":40}},"2":{"start":{"line":6,"column":23},"end":{"line":16,"column":1}},"3":{"start":{"line":6,"column":35},"end":{"line":16,"column":1}},"4":{"start":{"line":7,"column":26},"end":{"line":7,"column":63}},"5":{"start":{"line":9,"column":2},"end":{"line":13,"column":3}},"6":{"start":{"line":10,"column":4},"end":{"line":12,"column":7}},"7":{"start":{"line":11,"column":53},"end":{"line":11,"column":123}},"8":{"start":{"line":15,"column":2},"end":{"line":15,"column":9}},"9":{"start":{"line":18,"column":0},"end":{"line":18,"column":32}}},"fnMap":{"0":{"name":"(anonymous_0)","decl":{"start":{"line":6,"column":23},"end":{"line":6,"column":24}},"loc":{"start":{"line":6,"column":35},"end":{"line":16,"column":1}},"line":6},"1":{"name":"(anonymous_1)","decl":{"start":{"line":6,"column":35},"end":{"line":6,"column":36}},"loc":{"start":{"line":6,"column":55},"end":{"line":16,"column":1}},"line":6},"2":{"name":"(anonymous_2)","decl":{"start":{"line":11,"column":42},"end":{"line":11,"column":43}},"loc":{"start":{"line":11,"column":53},"end":{"line":11,"column":123}},"line":11}},"branchMap":{"0":{"loc":{"start":{"line":9,"column":2},"end":{"line":13,"column":3}},"type":"if","locations":[{"start":{"line":9,"column":2},"end":{"line":13,"column":3}},{"start":{},"end":{}}],"line":9}},"s":{"0":2,"1":2,"2":2,"3":12,"4":4,"5":4,"6":3,"7":3,"8":1,"9":2},"f":{"0":12,"1":4,"2":3},"b":{"0":[3,1]},"_coverageSchema":"1a1c01bbd47fc00a2c39e90264f33305004495a9","hash":"e83dfd0b9703dff892aa3399bb5c781b5c24b95f"}
,"/Users/eddieaviles357/Projects/Product-Management/models/Cart.js": {"path":"/Users/eddieaviles357/Projects/Product-Management/models/Cart.js","statementMap":{"0":{"start":{"line":3,"column":11},"end":{"line":3,"column":27}},"1":{"start":{"line":4,"column":26},"end":{"line":4,"column":48}},"2":{"start":{"line":5,"column":18},"end":{"line":5,"column":49}},"3":{"start":{"line":14,"column":4},"end":{"line":22,"column":5}},"4":{"start":{"line":16,"column":6},"end":{"line":16,"column":85}},"5":{"start":{"line":16,"column":29},"end":{"line":16,"column":85}},"6":{"start":{"line":17,"column":21},"end":{"line":17,"column":100}},"7":{"start":{"line":18,"column":6},"end":{"line":18,"column":78}},"8":{"start":{"line":21,"column":6},"end":{"line":21,"column":55}},"9":{"start":{"line":34,"column":4},"end":{"line":54,"column":5}},"10":{"start":{"line":35,"column":6},"end":{"line":35,"column":75}},"11":{"start":{"line":35,"column":20},"end":{"line":35,"column":75}},"12":{"start":{"line":36,"column":21},"end":{"line":36,"column":46}},"13":{"start":{"line":38,"column":6},"end":{"line":38,"column":33}},"14":{"start":{"line":38,"column":23},"end":{"line":38,"column":33}},"15":{"start":{"line":40,"column":29},"end":{"line":49,"column":49}},"16":{"start":{"line":50,"column":25},"end":{"line":50,"column":65}},"17":{"start":{"line":51,"column":6},"end":{"line":51,"column":67}},"18":{"start":{"line":53,"column":6},"end":{"line":53,"column":45}},"19":{"start":{"line":63,"column":4},"end":{"line":72,"column":5}},"20":{"start":{"line":64,"column":6},"end":{"line":64,"column":75}},"21":{"start":{"line":64,"column":20},"end":{"line":64,"column":75}},"22":{"start":{"line":65,"column":21},"end":{"line":65,"column":46}},"23":{"start":{"line":67,"column":28},"end":{"line":67,"column":103}},"24":{"start":{"line":69,"column":6},"end":{"line":69,"column":60}},"25":{"start":{"line":71,"column":6},"end":{"line":71,"column":45}},"26":{"start":{"line":84,"column":4},"end":{"line":107,"column":5}},"27":{"start":{"line":85,"column":6},"end":{"line":85,"column":75}},"28":{"start":{"line":85,"column":20},"end":{"line":85,"column":75}},"29":{"start":{"line":87,"column":21},"end":{"line":87,"column":46}},"30":{"start":{"line":89,"column":6},"end":{"line":89,"column":46}},"31":{"start":{"line":91,"column":6},"end":{"line":91,"column":79}},"32":{"start":{"line":91,"column":17},"end":{"line":91,"column":79}},"33":{"start":{"line":92,"column":6},"end":{"line":92,"column":24}},"34":{"start":{"line":94,"column":29},"end":{"line":94,"column":187}},"35":{"start":{"line":95,"column":6},"end":{"line":95,"column":71}},"36":{"start":{"line":95,"column":41},"end":{"line":95,"column":71}},"37":{"start":{"line":98,"column":29},"end":{"line":100,"column":104}},"38":{"start":{"line":101,"column":21},"end":{"line":101,"column":57}},"39":{"start":{"line":102,"column":25},"end":{"line":102,"column":63}},"40":{"start":{"line":104,"column":6},"end":{"line":104,"column":32}},"41":{"start":{"line":106,"column":6},"end":{"line":106,"column":45}},"42":{"start":{"line":120,"column":4},"end":{"line":152,"column":5}},"43":{"start":{"line":121,"column":6},"end":{"line":121,"column":75}},"44":{"start":{"line":121,"column":20},"end":{"line":121,"column":75}},"45":{"start":{"line":124,"column":21},"end":{"line":124,"column":46}},"46":{"start":{"line":126,"column":6},"end":{"line":126,"column":46}},"47":{"start":{"line":129,"column":25},"end":{"line":129,"column":128}},"48":{"start":{"line":130,"column":6},"end":{"line":130,"column":86}},"49":{"start":{"line":130,"column":39},"end":{"line":130,"column":86}},"50":{"start":{"line":133,"column":39},"end":{"line":133,"column":57}},"51":{"start":{"line":134,"column":6},"end":{"line":134,"column":48}},"52":{"start":{"line":135,"column":6},"end":{"line":135,"column":34}},"53":{"start":{"line":137,"column":6},"end":{"line":137,"column":114}},"54":{"start":{"line":137,"column":19},"end":{"line":137,"column":114}},"55":{"start":{"line":140,"column":29},"end":{"line":144,"column":104}},"56":{"start":{"line":146,"column":21},"end":{"line":146,"column":52}},"57":{"start":{"line":147,"column":28},"end":{"line":147,"column":66}},"58":{"start":{"line":149,"column":6},"end":{"line":149,"column":41}},"59":{"start":{"line":151,"column":6},"end":{"line":151,"column":45}},"60":{"start":{"line":163,"column":4},"end":{"line":175,"column":5}},"61":{"start":{"line":164,"column":6},"end":{"line":164,"column":75}},"62":{"start":{"line":164,"column":20},"end":{"line":164,"column":75}},"63":{"start":{"line":165,"column":21},"end":{"line":165,"column":46}},"64":{"start":{"line":167,"column":29},"end":{"line":167,"column":99}},"65":{"start":{"line":168,"column":21},"end":{"line":168,"column":40}},"66":{"start":{"line":169,"column":27},"end":{"line":169,"column":65}},"67":{"start":{"line":171,"column":6},"end":{"line":171,"column":94}},"68":{"start":{"line":174,"column":6},"end":{"line":174,"column":45}},"69":{"start":{"line":179,"column":0},"end":{"line":179,"column":22}}},"fnMap":{"0":{"name":"(anonymous_0)","decl":{"start":{"line":13,"column":2},"end":{"line":13,"column":3}},"loc":{"start":{"line":13,"column":36},"end":{"line":23,"column":3}},"line":13},"1":{"name":"(anonymous_1)","decl":{"start":{"line":30,"column":2},"end":{"line":30,"column":3}},"loc":{"start":{"line":30,"column":29},"end":{"line":55,"column":3}},"line":30},"2":{"name":"(anonymous_2)","decl":{"start":{"line":62,"column":2},"end":{"line":62,"column":3}},"loc":{"start":{"line":62,"column":32},"end":{"line":73,"column":3}},"line":62},"3":{"name":"(anonymous_3)","decl":{"start":{"line":82,"column":2},"end":{"line":82,"column":3}},"loc":{"start":{"line":82,"column":60},"end":{"line":108,"column":3}},"line":82},"4":{"name":"(anonymous_4)","decl":{"start":{"line":117,"column":2},"end":{"line":117,"column":3}},"loc":{"start":{"line":117,"column":68},"end":{"line":153,"column":3}},"line":117},"5":{"name":"(anonymous_5)","decl":{"start":{"line":161,"column":2},"end":{"line":161,"column":3}},"loc":{"start":{"line":161,"column":52},"end":{"line":176,"column":3}},"line":161}},"branchMap":{"0":{"loc":{"start":{"line":16,"column":6},"end":{"line":16,"column":85}},"type":"if","locations":[{"start":{"line":16,"column":6},"end":{"line":16,"column":85}},{"start":{},"end":{}}],"line":16},"1":{"loc":{"start":{"line":18,"column":13},"end":{"line":18,"column":77}},"type":"cond-expr","locations":[{"start":{"line":18,"column":42},"end":{"line":18,"column":46}},{"start":{"line":18,"column":49},"end":{"line":18,"column":77}}],"line":18},"2":{"loc":{"start":{"line":35,"column":6},"end":{"line":35,"column":75}},"type":"if","locations":[{"start":{"line":35,"column":6},"end":{"line":35,"column":75}},{"start":{},"end":{}}],"line":35},"3":{"loc":{"start":{"line":38,"column":6},"end":{"line":38,"column":33}},"type":"if","locations":[{"start":{"line":38,"column":6},"end":{"line":38,"column":33}},{"start":{},"end":{}}],"line":38},"4":{"loc":{"start":{"line":51,"column":13},"end":{"line":51,"column":66}},"type":"cond-expr","locations":[{"start":{"line":51,"column":46},"end":{"line":51,"column":48}},{"start":{"line":51,"column":51},"end":{"line":51,"column":66}}],"line":51},"5":{"loc":{"start":{"line":64,"column":6},"end":{"line":64,"column":75}},"type":"if","locations":[{"start":{"line":64,"column":6},"end":{"line":64,"column":75}},{"start":{},"end":{}}],"line":64},"6":{"loc":{"start":{"line":69,"column":13},"end":{"line":69,"column":59}},"type":"cond-expr","locations":[{"start":{"line":69,"column":47},"end":{"line":69,"column":51}},{"start":{"line":69,"column":54},"end":{"line":69,"column":59}}],"line":69},"7":{"loc":{"start":{"line":82,"column":46},"end":{"line":82,"column":58}},"type":"default-arg","locations":[{"start":{"line":82,"column":57},"end":{"line":82,"column":58}}],"line":82},"8":{"loc":{"start":{"line":85,"column":6},"end":{"line":85,"column":75}},"type":"if","locations":[{"start":{"line":85,"column":6},"end":{"line":85,"column":75}},{"start":{},"end":{}}],"line":85},"9":{"loc":{"start":{"line":91,"column":6},"end":{"line":91,"column":79}},"type":"if","locations":[{"start":{"line":91,"column":6},"end":{"line":91,"column":79}},{"start":{},"end":{}}],"line":91},"10":{"loc":{"start":{"line":95,"column":6},"end":{"line":95,"column":71}},"type":"if","locations":[{"start":{"line":95,"column":6},"end":{"line":95,"column":71}},{"start":{},"end":{}}],"line":95},"11":{"loc":{"start":{"line":117,"column":54},"end":{"line":117,"column":66}},"type":"default-arg","locations":[{"start":{"line":117,"column":65},"end":{"line":117,"column":66}}],"line":117},"12":{"loc":{"start":{"line":121,"column":6},"end":{"line":121,"column":75}},"type":"if","locations":[{"start":{"line":121,"column":6},"end":{"line":121,"column":75}},{"start":{},"end":{}}],"line":121},"13":{"loc":{"start":{"line":130,"column":6},"end":{"line":130,"column":86}},"type":"if","locations":[{"start":{"line":130,"column":6},"end":{"line":130,"column":86}},{"start":{},"end":{}}],"line":130},"14":{"loc":{"start":{"line":137,"column":6},"end":{"line":137,"column":114}},"type":"if","locations":[{"start":{"line":137,"column":6},"end":{"line":137,"column":114}},{"start":{},"end":{}}],"line":137},"15":{"loc":{"start":{"line":149,"column":13},"end":{"line":149,"column":40}},"type":"binary-expr","locations":[{"start":{"line":149,"column":13},"end":{"line":149,"column":34}},{"start":{"line":149,"column":38},"end":{"line":149,"column":40}}],"line":149},"16":{"loc":{"start":{"line":164,"column":6},"end":{"line":164,"column":75}},"type":"if","locations":[{"start":{"line":164,"column":6},"end":{"line":164,"column":75}},{"start":{},"end":{}}],"line":164},"17":{"loc":{"start":{"line":171,"column":13},"end":{"line":171,"column":93}},"type":"cond-expr","locations":[{"start":{"line":171,"column":48},"end":{"line":171,"column":67}},{"start":{"line":171,"column":70},"end":{"line":171,"column":93}}],"line":171}},"s":{"0":2,"1":2,"2":2,"3":9,"4":9,"5":1,"6":8,"7":8,"8":1,"9":14,"10":14,"11":1,"12":13,"13":13,"14":1,"15":12,"16":12,"17":12,"18":1,"19":4,"20":4,"21":1,"22":3,"23":3,"24":3,"25":1,"26":4,"27":4,"28":1,"29":3,"30":3,"31":3,"32":1,"33":2,"34":2,"35":2,"36":1,"37":1,"38":1,"39":1,"40":1,"41":2,"42":4,"43":4,"44":1,"45":3,"46":3,"47":3,"48":3,"49":1,"50":2,"51":2,"52":2,"53":2,"54":1,"55":2,"56":2,"57":2,"58":2,"59":2,"60":2,"61":2,"62":0,"63":2,"64":2,"65":2,"66":2,"67":2,"68":0,"69":2},"f":{"0":9,"1":14,"2":4,"3":4,"4":4,"5":2},"b":{"0":[1,8],"1":[3,5],"2":[1,13],"3":[1,12],"4":[5,7],"5":[1,3],"6":[2,1],"7":[3],"8":[1,3],"9":[1,2],"10":[1,1],"11":[0],"12":[1,3],"13":[1,2],"14":[1,1],"15":[2,1],"16":[0,2],"17":[1,1]},"_coverageSchema":"1a1c01bbd47fc00a2c39e90264f33305004495a9","hash":"d44d2c7f647b3be903cf0fe5d368f0f45570fe32"}
,"/Users/eddieaviles357/Projects/Product-Management/models/Categories.js": {"path":"/Users/eddieaviles357/Projects/Product-Management/models/Categories.js","statementMap":{"0":{"start":{"line":3,"column":11},"end":{"line":3,"column":30}},"1":{"start":{"line":4,"column":33},"end":{"line":4,"column":82}},"2":{"start":{"line":5,"column":28},"end":{"line":5,"column":50}},"3":{"start":{"line":17,"column":4},"end":{"line":28,"column":5}},"4":{"start":{"line":18,"column":29},"end":{"line":22,"column":37}},"5":{"start":{"line":23,"column":21},"end":{"line":23,"column":57}},"6":{"start":{"line":24,"column":6},"end":{"line":24,"column":59}},"7":{"start":{"line":26,"column":6},"end":{"line":26,"column":23}},"8":{"start":{"line":27,"column":6},"end":{"line":27,"column":34}},"9":{"start":{"line":39,"column":4},"end":{"line":47,"column":5}},"10":{"start":{"line":40,"column":19},"end":{"line":40,"column":55}},"11":{"start":{"line":41,"column":29},"end":{"line":41,"column":90}},"12":{"start":{"line":42,"column":21},"end":{"line":42,"column":66}},"13":{"start":{"line":43,"column":6},"end":{"line":43,"column":59}},"14":{"start":{"line":45,"column":6},"end":{"line":45,"column":23}},"15":{"start":{"line":46,"column":6},"end":{"line":46,"column":34}},"16":{"start":{"line":55,"column":4},"end":{"line":68,"column":5}},"17":{"start":{"line":56,"column":6},"end":{"line":56,"column":58}},"18":{"start":{"line":58,"column":29},"end":{"line":60,"column":53}},"19":{"start":{"line":61,"column":21},"end":{"line":61,"column":66}},"20":{"start":{"line":63,"column":6},"end":{"line":63,"column":85}},"21":{"start":{"line":63,"column":35},"end":{"line":63,"column":85}},"22":{"start":{"line":64,"column":6},"end":{"line":64,"column":28}},"23":{"start":{"line":66,"column":6},"end":{"line":66,"column":23}},"24":{"start":{"line":67,"column":6},"end":{"line":67,"column":34}},"25":{"start":{"line":76,"column":4},"end":{"line":105,"column":5}},"26":{"start":{"line":78,"column":6},"end":{"line":80,"column":9}},"27":{"start":{"line":79,"column":10},"end":{"line":79,"column":59}},"28":{"start":{"line":81,"column":6},"end":{"line":81,"column":66}},"29":{"start":{"line":84,"column":41},"end":{"line":86,"column":56}},"30":{"start":{"line":87,"column":33},"end":{"line":87,"column":84}},"31":{"start":{"line":90,"column":6},"end":{"line":90,"column":110}},"32":{"start":{"line":90,"column":47},"end":{"line":90,"column":110}},"33":{"start":{"line":91,"column":27},"end":{"line":91,"column":53}},"34":{"start":{"line":93,"column":6},"end":{"line":93,"column":102}},"35":{"start":{"line":93,"column":39},"end":{"line":93,"column":102}},"36":{"start":{"line":94,"column":35},"end":{"line":97,"column":59}},"37":{"start":{"line":98,"column":32},"end":{"line":98,"column":66}},"38":{"start":{"line":99,"column":21},"end":{"line":99,"column":76}},"39":{"start":{"line":101,"column":6},"end":{"line":101,"column":28}},"40":{"start":{"line":103,"column":6},"end":{"line":103,"column":23}},"41":{"start":{"line":104,"column":6},"end":{"line":104,"column":34}},"42":{"start":{"line":125,"column":4},"end":{"line":154,"column":5}},"43":{"start":{"line":126,"column":29},"end":{"line":148,"column":55}},"44":{"start":{"line":149,"column":21},"end":{"line":149,"column":60}},"45":{"start":{"line":150,"column":6},"end":{"line":150,"column":59}},"46":{"start":{"line":152,"column":6},"end":{"line":152,"column":23}},"47":{"start":{"line":153,"column":6},"end":{"line":153,"column":34}},"48":{"start":{"line":158,"column":4},"end":{"line":169,"column":5}},"49":{"start":{"line":159,"column":29},"end":{"line":160,"column":49}},"50":{"start":{"line":161,"column":21},"end":{"line":161,"column":60}},"51":{"start":{"line":163,"column":6},"end":{"line":165,"column":60}},"52":{"start":{"line":167,"column":6},"end":{"line":167,"column":23}},"53":{"start":{"line":168,"column":6},"end":{"line":168,"column":34}},"54":{"start":{"line":173,"column":0},"end":{"line":173,"column":28}}},"fnMap":{"0":{"name":"(anonymous_0)","decl":{"start":{"line":16,"column":2},"end":{"line":16,"column":3}},"loc":{"start":{"line":16,"column":48},"end":{"line":29,"column":3}},"line":16},"1":{"name":"(anonymous_1)","decl":{"start":{"line":38,"column":2},"end":{"line":38,"column":3}},"loc":{"start":{"line":38,"column":42},"end":{"line":48,"column":3}},"line":38},"2":{"name":"(anonymous_2)","decl":{"start":{"line":54,"column":2},"end":{"line":54,"column":3}},"loc":{"start":{"line":54,"column":40},"end":{"line":69,"column":3}},"line":54},"3":{"name":"(anonymous_3)","decl":{"start":{"line":75,"column":2},"end":{"line":75,"column":3}},"loc":{"start":{"line":75,"column":54},"end":{"line":106,"column":3}},"line":75},"4":{"name":"(anonymous_4)","decl":{"start":{"line":124,"column":2},"end":{"line":124,"column":3}},"loc":{"start":{"line":124,"column":45},"end":{"line":155,"column":3}},"line":124},"5":{"name":"(anonymous_5)","decl":{"start":{"line":157,"column":2},"end":{"line":157,"column":3}},"loc":{"start":{"line":157,"column":37},"end":{"line":170,"column":3}},"line":157}},"branchMap":{"0":{"loc":{"start":{"line":16,"column":32},"end":{"line":16,"column":46}},"type":"default-arg","locations":[{"start":{"line":16,"column":37},"end":{"line":16,"column":46}}],"line":16},"1":{"loc":{"start":{"line":24,"column":13},"end":{"line":24,"column":58}},"type":"cond-expr","locations":[{"start":{"line":24,"column":42},"end":{"line":24,"column":44}},{"start":{"line":24,"column":47},"end":{"line":24,"column":58}}],"line":24},"2":{"loc":{"start":{"line":43,"column":13},"end":{"line":43,"column":58}},"type":"cond-expr","locations":[{"start":{"line":43,"column":42},"end":{"line":43,"column":44}},{"start":{"line":43,"column":47},"end":{"line":43,"column":58}}],"line":43},"3":{"loc":{"start":{"line":63,"column":6},"end":{"line":63,"column":85}},"type":"if","locations":[{"start":{"line":63,"column":6},"end":{"line":63,"column":85}},{"start":{},"end":{}}],"line":63},"4":{"loc":{"start":{"line":78,"column":6},"end":{"line":80,"column":9}},"type":"if","locations":[{"start":{"line":78,"column":6},"end":{"line":80,"column":9}},{"start":{},"end":{}}],"line":78},"5":{"loc":{"start":{"line":78,"column":11},"end":{"line":78,"column":78}},"type":"binary-expr","locations":[{"start":{"line":78,"column":11},"end":{"line":78,"column":46}},{"start":{"line":78,"column":50},"end":{"line":78,"column":78}}],"line":78},"6":{"loc":{"start":{"line":90,"column":6},"end":{"line":90,"column":110}},"type":"if","locations":[{"start":{"line":90,"column":6},"end":{"line":90,"column":110}},{"start":{},"end":{}}],"line":90},"7":{"loc":{"start":{"line":93,"column":6},"end":{"line":93,"column":102}},"type":"if","locations":[{"start":{"line":93,"column":6},"end":{"line":93,"column":102}},{"start":{},"end":{}}],"line":93},"8":{"loc":{"start":{"line":150,"column":13},"end":{"line":150,"column":58}},"type":"cond-expr","locations":[{"start":{"line":150,"column":42},"end":{"line":150,"column":44}},{"start":{"line":150,"column":47},"end":{"line":150,"column":58}}],"line":150},"9":{"loc":{"start":{"line":163,"column":13},"end":{"line":165,"column":59}},"type":"cond-expr","locations":[{"start":{"line":164,"column":16},"end":{"line":164,"column":83}},{"start":{"line":165,"column":16},"end":{"line":165,"column":59}}],"line":163}},"s":{"0":1,"1":1,"2":1,"3":0,"4":0,"5":0,"6":0,"7":0,"8":0,"9":0,"10":0,"11":0,"12":0,"13":0,"14":0,"15":0,"16":0,"17":0,"18":0,"19":0,"20":0,"21":0,"22":0,"23":0,"24":0,"25":0,"26":0,"27":0,"28":0,"29":0,"30":0,"31":0,"32":0,"33":0,"34":0,"35":0,"36":0,"37":0,"38":0,"39":0,"40":0,"41":0,"42":0,"43":0,"44":0,"45":0,"46":0,"47":0,"48":0,"49":0,"50":0,"51":0,"52":0,"53":0,"54":1},"f":{"0":0,"1":0,"2":0,"3":0,"4":0,"5":0},"b":{"0":[0],"1":[0,0],"2":[0,0],"3":[0,0],"4":[0,0],"5":[0,0],"6":[0,0],"7":[0,0],"8":[0,0],"9":[0,0]},"_coverageSchema":"1a1c01bbd47fc00a2c39e90264f33305004495a9","hash":"9c451f42e84ff9ac5a06286c10ca1db2e154f4ea"}
[...]
,"/Users/eddieaviles357/Projects/Product-Management/models/Reviews.js": {"path":"/Users/eddieaviles357/Projects/Product-Management/models/Reviews.js","statementMap":{"0":{"start":{"line":3,"column":11},"end":{"line":3,"column":30}},"1":{"start":{"line":4,"column":28},"end":{"line":4,"column":50}},"2":{"start":{"line":5,"column":18},"end":{"line":5,"column":49}},"3":{"start":{"line":10,"column":4},"end":{"line":28,"column":5}},"4":{"start":{"line":11,"column":21},"end":{"line":11,"column":46}},"5":{"start":{"line":13,"column":29},"end":{"line":21,"column":69}},"6":{"start":{"line":22,"column":26},"end":{"line":22,"column":45}},"7":{"start":{"line":23,"column":21},"end":{"line":23,"column":64}},"8":{"start":{"line":25,"column":6},"end":{"line":25,"column":62}},"9":{"start":{"line":27,"column":6},"end":{"line":27,"column":45}},"10":{"start":{"line":33,"column":4},"end":{"line":50,"column":5}},"11":{"start":{"line":34,"column":29},"end":{"line":45,"column":54}},"12":{"start":{"line":46,"column":21},"end":{"line":46,"column":61}},"13":{"start":{"line":47,"column":6},"end":{"line":47,"column":59}},"14":{"start":{"line":49,"column":6},"end":{"line":49,"column":45}},"15":{"start":{"line":55,"column":4},"end":{"line":74,"column":5}},"16":{"start":{"line":56,"column":21},"end":{"line":56,"column":46}},"17":{"start":{"line":58,"column":29},"end":{"line":66,"column":58}},"18":{"start":{"line":67,"column":21},"end":{"line":67,"column":53}},"19":{"start":{"line":68,"column":21},"end":{"line":68,"column":59}},"20":{"start":{"line":70,"column":6},"end":{"line":70,"column":85}},"21":{"start":{"line":70,"column":35},"end":{"line":70,"column":85}},"22":{"start":{"line":71,"column":6},"end":{"line":71,"column":28}},"23":{"start":{"line":73,"column":6},"end":{"line":73,"column":45}},"24":{"start":{"line":79,"column":4},"end":{"line":132,"column":5}},"25":{"start":{"line":80,"column":6},"end":{"line":80,"column":82}},"26":{"start":{"line":80,"column":45},"end":{"line":80,"column":82}},"27":{"start":{"line":82,"column":21},"end":{"line":82,"column":46}},"28":{"start":{"line":89,"column":37},"end":{"line":93,"column":77}},"29":{"start":{"line":94,"column":35},"end":{"line":94,"column":51}},"30":{"start":{"line":96,"column":31},"end":{"line":96,"column":91}},"31":{"start":{"line":97,"column":6},"end":{"line":97,"column":94}},"32":{"start":{"line":97,"column":45},"end":{"line":97,"column":94}},"33":{"start":{"line":102,"column":29},"end":{"line":102,"column":69}},"34":{"start":{"line":103,"column":27},"end":{"line":103,"column":53}},"35":{"start":{"line":106,"column":30},"end":{"line":106,"column":42}},"36":{"start":{"line":113,"column":30},"end":{"line":124,"column":58}},"37":{"start":{"line":125,"column":29},"end":{"line":125,"column":66}},"38":{"start":{"line":126,"column":21},"end":{"line":126,"column":68}},"39":{"start":{"line":128,"column":6},"end":{"line":128,"column":85}},"40":{"start":{"line":128,"column":35},"end":{"line":128,"column":85}},"41":{"start":{"line":129,"column":6},"end":{"line":129,"column":28}},"42":{"start":{"line":131,"column":6},"end":{"line":131,"column":45}},"43":{"start":{"line":137,"column":4},"end":{"line":155,"column":5}},"44":{"start":{"line":138,"column":21},"end":{"line":138,"column":46}},"45":{"start":{"line":140,"column":29},"end":{"line":145,"column":39}},"46":{"start":{"line":146,"column":21},"end":{"line":146,"column":37}},"47":{"start":{"line":148,"column":21},"end":{"line":148,"column":59}},"48":{"start":{"line":150,"column":6},"end":{"line":152,"column":55}},"49":{"start":{"line":154,"column":6},"end":{"line":154,"column":45}},"50":{"start":{"line":159,"column":0},"end":{"line":159,"column":25}}},"fnMap":{"0":{"name":"(anonymous_0)","decl":{"start":{"line":9,"column":2},"end":{"line":9,"column":3}},"loc":{"start":{"line":9,"column":52},"end":{"line":29,"column":3}},"line":9},"1":{"name":"(anonymous_1)","decl":{"start":{"line":32,"column":2},"end":{"line":32,"column":3}},"loc":{"start":{"line":32,"column":47},"end":{"line":51,"column":3}},"line":32},"2":{"name":"(anonymous_2)","decl":{"start":{"line":54,"column":2},"end":{"line":54,"column":3}},"loc":{"start":{"line":54,"column":59},"end":{"line":75,"column":3}},"line":54},"3":{"name":"(anonymous_3)","decl":{"start":{"line":78,"column":2},"end":{"line":78,"column":3}},"loc":{"start":{"line":78,"column":62},"end":{"line":133,"column":3}},"line":78},"4":{"name":"(anonymous_4)","decl":{"start":{"line":136,"column":2},"end":{"line":136,"column":3}},"loc":{"start":{"line":136,"column":46},"end":{"line":156,"column":3}},"line":136}},"branchMap":{"0":{"loc":{"start":{"line":25,"column":13},"end":{"line":25,"column":61}},"type":"cond-expr","locations":[{"start":{"line":25,"column":42},"end":{"line":25,"column":44}},{"start":{"line":25,"column":47},"end":{"line":25,"column":61}}],"line":25},"1":{"loc":{"start":{"line":47,"column":13},"end":{"line":47,"column":58}},"type":"cond-expr","locations":[{"start":{"line":47,"column":42},"end":{"line":47,"column":44}},{"start":{"line":47,"column":47},"end":{"line":47,"column":58}}],"line":47},"2":{"loc":{"start":{"line":70,"column":6},"end":{"line":70,"column":85}},"type":"if","locations":[{"start":{"line":70,"column":6},"end":{"line":70,"column":85}},{"start":{},"end":{}}],"line":70},"3":{"loc":{"start":{"line":80,"column":6},"end":{"line":80,"column":82}},"type":"if","locations":[{"start":{"line":80,"column":6},"end":{"line":80,"column":82}},{"start":{},"end":{}}],"line":80},"4":{"loc":{"start":{"line":97,"column":6},"end":{"line":97,"column":94}},"type":"if","locations":[{"start":{"line":97,"column":6},"end":{"line":97,"column":94}},{"start":{},"end":{}}],"line":97},"5":{"loc":{"start":{"line":128,"column":6},"end":{"line":128,"column":85}},"type":"if","locations":[{"start":{"line":128,"column":6},"end":{"line":128,"column":85}},{"start":{},"end":{}}],"line":128},"6":{"loc":{"start":{"line":150,"column":13},"end":{"line":152,"column":54}},"type":"cond-expr","locations":[{"start":{"line":151,"column":14},"end":{"line":151,"column":103}},{"start":{"line":152,"column":14},"end":{"line":152,"column":54}}],"line":150}},"s":{"0":1,"1":1,"2":1,"3":0,"4":0,"5":0,"6":0,"7":0,"8":0,"9":0,"10":0,"11":0,"12":0,"13":0,"14":0,"15":0,"16":0,"17":0,"18":0,"19":0,"20":0,"21":0,"22":0,"23":0,"24":0,"25":0,"26":0,"27":0,"28":0,"29":0,"30":0,"31":0,"32":0,"33":0,"34":0,"35":0,"36":0,"37":0,"38":0,"39":0,"40":0,"41":0,"42":0,"43":0,"44":0,"45":0,"46":0,"47":0,"48":0,"49":0,"50":1},"f":{"0":0,"1":0,"2":0,"3":0,"4":0},"b":{"0":[0,0],"1":[0,0],"2":[0,0],"3":[0,0],"4":[0,0],"5":[0,0],"6":[0,0]},"_coverageSchema":"1a1c01bbd47fc00a2c39e90264f33305004495a9","hash":"499787871033e612981281cdc855678b10be9649"}
,"/Users/eddieaviles357/Projects/Product-Management/models/Users.js": {"path":"/Users/eddieaviles357/Projects/Product-Management/models/Users.js","statementMap":{"0":{"start":{"line":3,"column":11},"end":{"line":3,"column":27}},"1":{"start":{"line":4,"column":15},"end":{"line":4,"column":32}},"2":{"start":{"line":5,"column":31},"end":{"line":5,"column":51}},"3":{"start":{"line":9,"column":4},"end":{"line":9,"column":29}},"4":{"start":{"line":14,"column":4},"end":{"line":34,"column":5}},"5":{"start":{"line":16,"column":29},"end":{"line":16,"column":76}},"6":{"start":{"line":18,"column":29},"end":{"line":22,"column":127}},"7":{"start":{"line":23,"column":26},"end":{"line":23,"column":89}},"8":{"start":{"line":26,"column":21},"end":{"line":26,"column":64}},"9":{"start":{"line":27,"column":6},"end":{"line":27,"column":94}},"10":{"start":{"line":27,"column":35},"end":{"line":27,"column":94}},"11":{"start":{"line":29,"column":19},"end":{"line":29,"column":33}},"12":{"start":{"line":30,"column":6},"end":{"line":30,"column":18}},"13":{"start":{"line":33,"column":6},"end":{"line":33,"column":45}},"14":{"start":{"line":38,"column":4},"end":{"line":76,"column":5}},"15":{"start":{"line":39,"column":24},"end":{"line":49,"column":45}},"16":{"start":{"line":51,"column":26},"end":{"line":54,"column":68}},"17":{"start":{"line":55,"column":25},"end":{"line":55,"column":62}},"18":{"start":{"line":56,"column":25},"end":{"line":56,"column":64}},"19":{"start":{"line":58,"column":19},"end":{"line":58,"column":37}},"20":{"start":{"line":59,"column":6},"end":{"line":59,"column":56}},"21":{"start":{"line":62,"column":6},"end":{"line":70,"column":7}},"22":{"start":{"line":64,"column":24},"end":{"line":64,"column":63}},"23":{"start":{"line":66,"column":8},"end":{"line":69,"column":9}},"24":{"start":{"line":67,"column":10},"end":{"line":67,"column":31}},"25":{"start":{"line":68,"column":10},"end":{"line":68,"column":22}},"26":{"start":{"line":72,"column":6},"end":{"line":72,"column":50}},"27":{"start":{"line":75,"column":6},"end":{"line":75,"column":45}},"28":{"start":{"line":81,"column":0},"end":{"line":81,"column":23}}},"fnMap":{"0":{"name":"(anonymous_0)","decl":{"start":{"line":13,"column":2},"end":{"line":13,"column":3}},"loc":{"start":{"line":13,"column":89},"end":{"line":35,"column":3}},"line":13},"1":{"name":"(anonymous_1)","decl":{"start":{"line":37,"column":2},"end":{"line":37,"column":3}},"loc":{"start":{"line":37,"column":48},"end":{"line":78,"column":3}},"line":37}},"branchMap":{"0":{"loc":{"start":{"line":13,"column":73},"end":{"line":13,"column":86}},"type":"default-arg","locations":[{"start":{"line":13,"column":81},"end":{"line":13,"column":86}}],"line":13},"1":{"loc":{"start":{"line":27,"column":6},"end":{"line":27,"column":94}},"type":"if","locations":[{"start":{"line":27,"column":6},"end":{"line":27,"column":94}},{"start":{},"end":{}}],"line":27},"2":{"loc":{"start":{"line":62,"column":6},"end":{"line":70,"column":7}},"type":"if","locations":[{"start":{"line":62,"column":6},"end":{"line":70,"column":7}},{"start":{},"end":{}}],"line":62},"3":{"loc":{"start":{"line":66,"column":8},"end":{"line":69,"column":9}},"type":"if","locations":[{"start":{"line":66,"column":8},"end":{"line":69,"column":9}},{"start":{},"end":{}}],"line":66}},"s":{"0":1,"1":1,"2":1,"3":1,"4":0,"5":0,"6":0,"7":0,"8":0,"9":0,"10":0,"11":0,"12":0,"13":0,"14":0,"15":0,"16":0,"17":0,"18":0,"19":0,"20":0,"21":0,"22":0,"23":0,"24":0,"25":0,"26":0,"27":0,"28":1},"f":{"0":0,"1":0},"b":{"0":[0],"1":[0,0],"2":[0,0],"3":[0,0]},"_coverageSchema":"1a1c01bbd47fc00a2c39e90264f33305004495a9","hash":"0b8f1aa64ea0b3aa53fb7cd5c29db8b570b4d4ae"}
,"/Users/eddieaviles357/Projects/Product-Management/models/Wishlist.js": {"path":"/Users/eddieaviles357/Projects/Product-Management/models/Wishlist.js","statementMap":{"0":{"start":{"line":3,"column":11},"end":{"line":3,"column":27}},"1":{"start":{"line":4,"column":28},"end":{"line":4,"column":50}},"2":{"start":{"line":6,"column":18},"end":{"line":6,"column":49}},"3":{"start":{"line":11,"column":4},"end":{"line":22,"column":5}},"4":{"start":{"line":12,"column":21},"end":{"line":12,"column":46}},"5":{"start":{"line":15,"column":29},"end":{"line":15,"column":117}},"6":{"start":{"line":16,"column":21},"end":{"line":16,"column":40}},"7":{"start":{"line":17,"column":29},"end":{"line":17,"column":67}},"8":{"start":{"line":19,"column":6},"end":{"line":19,"column":36}},"9":{"start":{"line":21,"column":6},"end":{"line":21,"column":45}},"10":{"start":{"line":26,"column":4},"end":{"line":43,"column":5}},"11":{"start":{"line":27,"column":21},"end":{"line":27,"column":46}},"12":{"start":{"line":30,"column":29},"end":{"line":34,"column":58}},"13":{"start":{"line":35,"column":21},"end":{"line":35,"column":40}},"14":{"start":{"line":36,"column":28},"end":{"line":36,"column":66}},"15":{"start":{"line":37,"column":26},"end":{"line":37,"column":48}},"16":{"start":{"line":40,"column":6},"end":{"line":40,"column":48}},"17":{"start":{"line":42,"column":6},"end":{"line":42,"column":45}},"18":{"start":{"line":47,"column":4},"end":{"line":60,"column":5}},"19":{"start":{"line":48,"column":21},"end":{"line":48,"column":46}},"20":{"start":{"line":51,"column":29},"end":{"line":51,"column":70}},"21":{"start":{"line":52,"column":28},"end":{"line":52,"column":68}},"22":{"start":{"line":53,"column":26},"end":{"line":53,"column":48}},"23":{"start":{"line":56,"column":6},"end":{"line":56,"column":48}},"24":{"start":{"line":59,"column":6},"end":{"line":59,"column":45}},"25":{"start":{"line":64,"column":0},"end":{"line":64,"column":26}}},"fnMap":{"0":{"name":"(anonymous_0)","decl":{"start":{"line":10,"column":2},"end":{"line":10,"column":3}},"loc":{"start":{"line":10,"column":47},"end":{"line":23,"column":3}},"line":10},"1":{"name":"(anonymous_1)","decl":{"start":{"line":25,"column":2},"end":{"line":25,"column":3}},"loc":{"start":{"line":25,"column":50},"end":{"line":44,"column":3}},"line":25},"2":{"name":"(anonymous_2)","decl":{"start":{"line":46,"column":2},"end":{"line":46,"column":3}},"loc":{"start":{"line":46,"column":35},"end":{"line":61,"column":3}},"line":46}},"branchMap":{"0":{"loc":{"start":{"line":40,"column":13},"end":{"line":40,"column":47}},"type":"cond-expr","locations":[{"start":{"line":40,"column":35},"end":{"line":40,"column":39}},{"start":{"line":40,"column":42},"end":{"line":40,"column":47}}],"line":40},"1":{"loc":{"start":{"line":56,"column":13},"end":{"line":56,"column":47}},"type":"cond-expr","locations":[{"start":{"line":56,"column":35},"end":{"line":56,"column":39}},{"start":{"line":56,"column":42},"end":{"line":56,"column":47}}],"line":56}},"s":{"0":1,"1":1,"2":1,"3":0,"4":0,"5":0,"6":0,"7":0,"8":0,"9":0,"10":0,"11":0,"12":0,"13":0,"14":0,"15":0,"16":0,"17":0,"18":0,"19":0,"20":0,"21":0,"22":0,"23":0,"24":0,"25":1},"f":{"0":0,"1":0,"2":0},"b":{"0":[0,0],"1":[0,0]},"_coverageSchema":"1a1c01bbd47fc00a2c39e90264f33305004495a9","hash":"e7fe94e648a9f8614d58ef08bde33cb199e97745"}
,"/Users/eddieaviles357/Projects/Product-Management/routes/auth.js": {"path":"/Users/eddieaviles357/Projects/Product-Management/routes/auth.js","statementMap":{"0":{"start":{"line":6,"column":4},"end":{"line":6,"column":34}},"1":{"start":{"line":7,"column":15},"end":{"line":7,"column":42}},"2":{"start":{"line":8,"column":23},"end":{"line":8,"column":73}},"3":{"start":{"line":9,"column":23},"end":{"line":9,"column":64}},"4":{"start":{"line":10,"column":22},"end":{"line":10,"column":62}},"5":{"start":{"line":12,"column":0},"end":{"line":14,"column":51}},"6":{"start":{"line":16,"column":0},"end":{"line":18,"column":57}},"7":{"start":{"line":20,"column":0},"end":{"line":20,"column":24}}},"fnMap":{},"branchMap":{},"s":{"0":1,"1":1,"2":1,"3":1,"4":1,"5":1,"6":1,"7":1},"f":{},"b":{},"_coverageSchema":"1a1c01bbd47fc00a2c39e90264f33305004495a9","hash":"5c2971c13845e4886731e2303a872037e8720fe3"}
,"/Users/eddieaviles357/Projects/Product-Management/routes/cart.js": {"path":"/Users/eddieaviles357/Projects/Product-Management/routes/cart.js","statementMap":{"0":{"start":{"line":9,"column":4},"end":{"line":9,"column":34}},"1":{"start":{"line":10,"column":15},"end":{"line":10,"column":42}},"2":{"start":{"line":11,"column":37},"end":{"line":11,"column":71}},"3":{"start":{"line":13,"column":0},"end":{"line":16,"column":20}},"4":{"start":{"line":18,"column":0},"end":{"line":22,"column":25}},"5":{"start":{"line":25,"column":0},"end":{"line":25,"column":24}}},"fnMap":{},"branchMap":{},"s":{"0":1,"1":1,"2":1,"3":1,"4":1,"5":1},"f":{},"b":{},"_coverageSchema":"1a1c01bbd47fc00a2c39e90264f33305004495a9","hash":"10799afd54d34fdd0833751d224a0cc261a406bb"}
,"/Users/eddieaviles357/Projects/Product-Management/routes/categories.js": {"path":"/Users/eddieaviles357/Projects/Product-Management/routes/categories.js","statementMap":{"0":{"start":{"line":10,"column":4},"end":{"line":10,"column":40}},"1":{"start":{"line":11,"column":15},"end":{"line":11,"column":42}},"2":{"start":{"line":13,"column":23},"end":{"line":13,"column":73}},"3":{"start":{"line":14,"column":26},"end":{"line":14,"column":70}},"4":{"start":{"line":15,"column":30},"end":{"line":15,"column":77}},"5":{"start":{"line":17,"column":40},"end":{"line":17,"column":74}},"6":{"start":{"line":22,"column":0},"end":{"line":25,"column":87}},"7":{"start":{"line":27,"column":0},"end":{"line":30,"column":54}},"8":{"start":{"line":32,"column":0},"end":{"line":34,"column":27}},"9":{"start":{"line":36,"column":0},"end":{"line":38,"column":27}},"10":{"start":{"line":39,"column":0},"end":{"line":39,"column":24}}},"fnMap":{},"branchMap":{},"s":{"0":1,"1":1,"2":1,"3":1,"4":1,"5":1,"6":1,"7":1,"8":1,"9":1,"10":1},"f":{},"b":{},"_coverageSchema":"1a1c01bbd47fc00a2c39e90264f33305004495a9","hash":"8311db492530c167cae5cfda6b99d203fc513980"}
,"/Users/eddieaviles357/Projects/Product-Management/routes/checkout.js": {"path":"/Users/eddieaviles357/Projects/Product-Management/routes/checkout.js","statementMap":{"0":{"start":{"line":7,"column":4},"end":{"line":7,"column":38}},"1":{"start":{"line":9,"column":15},"end":{"line":9,"column":61}},"2":{"start":{"line":10,"column":40},"end":{"line":10,"column":74}},"3":{"start":{"line":12,"column":0},"end":{"line":14,"column":20}},"4":{"start":{"line":16,"column":0},"end":{"line":16,"column":24}}},"fnMap":{},"branchMap":{},"s":{"0":1,"1":1,"2":1,"3":1,"4":1},"f":{},"b":{},"_coverageSchema":"1a1c01bbd47fc00a2c39e90264f33305004495a9","hash":"ef9626debe04b63f0901b60ea59ecae2a3a86b01"}
,"/Users/eddieaviles357/Projects/Product-Management/routes/products.js": {"path":"/Users/eddieaviles357/Projects/Product-Management/routes/products.js","statementMap":{"0":{"start":{"line":13,"column":4},"end":{"line":13,"column":38}},"1":{"start":{"line":15,"column":15},"end":{"line":15,"column":61}},"2":{"start":{"line":16,"column":40},"end":{"line":16,"column":74}},"3":{"start":{"line":18,"column":23},"end":{"line":18,"column":73}},"4":{"start":{"line":19,"column":25},"end":{"line":19,"column":68}},"5":{"start":{"line":20,"column":29},"end":{"line":20,"column":75}},"6":{"start":{"line":22,"column":0},"end":{"line":25,"column":81}},"7":{"start":{"line":27,"column":0},"end":{"line":31,"column":57}},"8":{"start":{"line":33,"column":0},"end":{"line":36,"column":65}},"9":{"start":{"line":38,"column":0},"end":{"line":38,"column":24}}},"fnMap":{},"branchMap":{},"s":{"0":1,"1":1,"2":1,"3":1,"4":1,"5":1,"6":1,"7":1,"8":1,"9":1},"f":{},"b":{},"_coverageSchema":"1a1c01bbd47fc00a2c39e90264f33305004495a9","hash":"8665e76a9b4c671e14543921bb6d799f9f993d44"}
,"/Users/eddieaviles357/Projects/Product-Management/routes/reviews.js": {"path":"/Users/eddieaviles357/Projects/Product-Management/routes/reviews.js","statementMap":{"0":{"start":{"line":9,"column":4},"end":{"line":9,"column":37}},"1":{"start":{"line":10,"column":15},"end":{"line":10,"column":42}},"2":{"start":{"line":12,"column":23},"end":{"line":12,"column":73}},"3":{"start":{"line":13,"column":24},"end":{"line":13,"column":66}},"4":{"start":{"line":14,"column":27},"end":{"line":14,"column":72}},"5":{"start":{"line":16,"column":69},"end":{"line":16,"column":103}},"6":{"start":{"line":18,"column":0},"end":{"line":20,"column":28}},"7":{"start":{"line":22,"column":0},"end":{"line":27,"column":69}},"8":{"start":{"line":29,"column":0},"end":{"line":29,"column":24}}},"fnMap":{},"branchMap":{},"s":{"0":1,"1":1,"2":1,"3":1,"4":1,"5":1,"6":1,"7":1,"8":1},"f":{},"b":{},"_coverageSchema":"1a1c01bbd47fc00a2c39e90264f33305004495a9","hash":"4da3f5e0ee251292879c646d7dc8ab624d12f1d2"}
,"/Users/eddieaviles357/Projects/Product-Management/routes/wishlist.js": {"path":"/Users/eddieaviles357/Projects/Product-Management/routes/wishlist.js","statementMap":{"0":{"start":{"line":7,"column":4},"end":{"line":7,"column":38}},"1":{"start":{"line":8,"column":15},"end":{"line":8,"column":42}},"2":{"start":{"line":9,"column":37},"end":{"line":9,"column":71}},"3":{"start":{"line":11,"column":0},"end":{"line":13,"column":24}},"4":{"start":{"line":15,"column":0},"end":{"line":18,"column":27}},"5":{"start":{"line":20,"column":0},"end":{"line":20,"column":24}}},"fnMap":{},"branchMap":{},"s":{"0":1,"1":1,"2":1,"3":1,"4":1,"5":1},"f":{},"b":{},"_coverageSchema":"1a1c01bbd47fc00a2c39e90264f33305004495a9","hash":"02855c05934941fc113d28614331fed283e1b62b"}
}
