TN:
SF:AppError.js
FN:10,(anonymous_0)
FN:20,(anonymous_1)
FN:28,(anonymous_2)
FN:36,(anonymous_3)
FN:44,(anonymous_4)
FN:50,(anonymous_5)
FNF:6
FNH:4
FNDA:24,(anonymous_0)
FNDA:2,(anonymous_1)
FNDA:6,(anonymous_2)
FNDA:16,(anonymous_3)
FNDA:0,(anonymous_4)
FNDA:0,(anonymous_5)
DA:11,24
DA:12,24
DA:13,24
DA:21,2
DA:29,6
DA:37,16
DA:45,0
DA:51,0
DA:55,6
LF:9
LH:7
BRDA:20,0,0,2
BRDA:28,1,0,6
BRDA:36,2,0,0
BRDA:44,3,0,0
BRDA:50,4,0,0
BRF:5
BRH:2
end_of_record
TN:
SF:app.js
FN:30,(anonymous_0)
FN:35,(anonymous_1)
FNF:2
FNH:2
FNDA:2,(anonymous_0)
FNDA:2,(anonymous_1)
DA:3,1
DA:4,1
DA:5,1
DA:6,1
DA:7,1
DA:8,1
DA:9,1
DA:10,1
DA:11,1
DA:12,1
DA:13,1
DA:14,1
DA:16,1
DA:17,1
DA:18,1
DA:20,1
DA:21,1
DA:22,1
DA:23,1
DA:24,1
DA:25,1
DA:26,1
DA:30,1
DA:31,2
DA:35,1
DA:36,2
DA:38,0
DA:39,0
DA:41,0
DA:42,0
DA:44,0
DA:45,0
DA:48,2
DA:49,2
DA:50,2
DA:52,2
DA:57,1
LF:37
LH:31
BRDA:36,0,0,0
BRDA:36,0,1,0
BRDA:36,0,2,0
BRDA:48,1,0,2
BRDA:48,1,1,0
BRF:5
BRH:1
end_of_record
TN:
SF:config.js
FN:15,getDatabaseUri
FNF:1
FNH:1
FNDA:6,getDatabaseUri
DA:7,6
DA:9,6
DA:11,6
DA:12,6
DA:16,6
DA:22,6
DA:33,6
LF:7
LH:7
BRDA:7,0,0,6
BRDA:7,0,1,5
BRDA:9,1,0,6
BRDA:9,1,1,5
BRDA:16,2,0,4
BRDA:16,2,1,2
BRDA:18,3,0,2
BRDA:18,3,1,1
BRDA:22,4,0,5
BRDA:22,4,1,1
BRF:10
BRH:10
end_of_record
TN:
SF:db.js
FNF:0
FNH:0
DA:4,3
DA:5,3
DA:10,3
DA:11,0
DA:18,3
DA:23,3
DA:25,3
LF:7
LH:6
BRDA:10,0,0,0
BRDA:10,0,1,3
BRF:2
BRH:1
end_of_record
TN:
SF:__test__/helpers/_testCommon.js
FN:13,commonBeforeAll
FN:38,(anonymous_1)
FN:46,(anonymous_2)
FN:56,(anonymous_3)
FN:66,(anonymous_4)
FN:95,commonBeforeEach
FN:99,commonAfterEach
FN:103,commonAfterAll
FNF:8
FNH:8
FNDA:2,commonBeforeAll
FNDA:6,(anonymous_1)
FNDA:6,(anonymous_2)
FNDA:4,(anonymous_3)
FNDA:4,(anonymous_4)
FNDA:23,commonBeforeEach
FNDA:23,commonAfterEach
FNDA:2,commonAfterAll
DA:1,2
DA:3,2
DA:4,2
DA:6,2
DA:7,2
DA:8,2
DA:9,2
DA:10,2
DA:11,2
DA:15,2
DA:16,2
DA:17,2
DA:18,2
DA:19,2
DA:20,2
DA:21,2
DA:22,2
DA:23,2
DA:24,2
DA:25,2
DA:27,2
DA:29,2
DA:38,6
DA:41,2
DA:46,6
DA:49,2
DA:56,4
DA:58,2
DA:66,4
DA:69,2
DA:77,2
DA:81,2
DA:88,2
DA:96,23
DA:100,23
DA:104,2
DA:108,2
LF:37
LH:37
BRF:0
BRH:0
end_of_record
TN:
SF:controllers/auth.js
FN:10,(anonymous_0)
FN:25,(anonymous_1)
FNF:2
FNH:0
FNDA:0,(anonymous_0)
FNDA:0,(anonymous_1)
DA:3,1
DA:4,1
DA:5,1
DA:10,1
DA:11,0
DA:12,0
DA:13,0
DA:14,0
DA:16,0
DA:18,0
DA:25,1
DA:26,0
DA:27,0
DA:28,0
DA:29,0
DA:31,0
DA:33,0
LF:17
LH:5
BRF:0
BRH:0
end_of_record
TN:
SF:controllers/cart.js
FN:5,(anonymous_0)
FN:16,(anonymous_1)
FN:29,(anonymous_2)
FN:41,(anonymous_3)
FN:54,(anonymous_4)
FNF:5
FNH:0
FNDA:0,(anonymous_0)
FNDA:0,(anonymous_1)
FNDA:0,(anonymous_2)
FNDA:0,(anonymous_3)
FNDA:0,(anonymous_4)
DA:3,1
DA:5,1
DA:6,0
DA:7,0
DA:8,0
DA:10,0
DA:12,0
DA:16,1
DA:17,0
DA:18,0
DA:19,0
DA:21,0
DA:23,0
DA:25,0
DA:29,1
DA:30,0
DA:31,0
DA:32,0
DA:33,0
DA:35,0
DA:37,0
DA:41,1
DA:42,0
DA:43,0
DA:44,0
DA:46,0
DA:48,0
DA:50,0
DA:54,1
DA:55,0
DA:56,0
DA:58,0
DA:60,0
DA:62,0
LF:34
LH:6
BRDA:21,0,0,0
BRDA:21,0,1,0
BRDA:32,1,0,0
BRDA:32,1,1,0
BRDA:44,2,0,0
BRDA:44,2,1,0
BRF:6
BRH:0
end_of_record
TN:
SF:controllers/categories.js
FN:6,(anonymous_0)
FN:28,(anonymous_1)
FN:42,(anonymous_2)
FN:57,(anonymous_3)
FN:75,(anonymous_4)
FN:92,(anonymous_5)
FNF:6
FNH:0
FNDA:0,(anonymous_0)
FNDA:0,(anonymous_1)
FNDA:0,(anonymous_2)
FNDA:0,(anonymous_3)
FNDA:0,(anonymous_4)
FNDA:0,(anonymous_5)
DA:3,1
DA:4,1
DA:6,1
DA:7,0
DA:9,0
DA:11,0
DA:12,0
DA:15,0
DA:17,0
DA:24,0
DA:28,1
DA:29,0
DA:30,0
DA:31,0
DA:33,0
DA:38,0
DA:42,1
DA:43,0
DA:44,0
DA:46,0
DA:48,0
DA:53,0
DA:57,1
DA:58,0
DA:59,0
DA:60,0
DA:62,0
DA:64,0
DA:66,0
DA:71,0
DA:75,1
DA:76,0
DA:77,0
DA:79,0
DA:81,0
DA:83,0
DA:88,0
DA:92,1
DA:93,0
DA:94,0
DA:96,0
DA:98,0
DA:100,0
DA:102,0
DA:107,0
LF:45
LH:8
BRDA:11,0,0,0
BRDA:11,0,1,0
BRDA:11,1,0,0
BRDA:11,1,1,0
BRDA:12,2,0,0
BRDA:12,2,1,0
BRDA:62,3,0,0
BRDA:62,3,1,0
BRDA:79,4,0,0
BRDA:79,4,1,0
BRDA:96,5,0,0
BRDA:96,5,1,0
BRDA:100,6,0,0
BRDA:100,6,1,0
BRF:14
BRH:0
end_of_record
TN:
SF:controllers/checkout.js
FN:10,(anonymous_0)
FNF:1
FNH:0
FNDA:0,(anonymous_0)
DA:3,1
DA:4,1
DA:10,1
DA:11,0
DA:12,0
DA:13,0
DA:14,0
DA:16,0
DA:18,0
LF:9
LH:3
BRDA:13,0,0,0
BRDA:13,0,1,0
BRF:2
BRH:0
end_of_record
TN:
SF:controllers/products.js
FN:9,(anonymous_0)
FN:33,(anonymous_1)
FN:53,(anonymous_2)
FN:71,(anonymous_3)
FN:90,(anonymous_4)
FN:110,(anonymous_5)
FN:133,(anonymous_6)
FNF:7
FNH:0
FNDA:0,(anonymous_0)
FNDA:0,(anonymous_1)
FNDA:0,(anonymous_2)
FNDA:0,(anonymous_3)
FNDA:0,(anonymous_4)
FNDA:0,(anonymous_5)
FNDA:0,(anonymous_6)
DA:3,1
DA:4,1
DA:9,1
DA:10,0
DA:12,0
DA:14,0
DA:15,0
DA:18,0
DA:20,0
DA:26,0
DA:33,1
DA:34,0
DA:35,0
DA:37,0
DA:39,0
DA:41,0
DA:46,0
DA:53,1
DA:54,0
DA:56,0
DA:57,0
DA:59,0
DA:64,0
DA:71,1
DA:72,0
DA:73,0
DA:74,0
DA:75,0
DA:77,0
DA:82,0
DA:90,1
DA:91,0
DA:92,0
DA:93,0
DA:94,0
DA:96,0
DA:98,0
DA:103,0
DA:110,1
DA:111,0
DA:112,0
DA:113,0
DA:114,0
DA:116,0
DA:118,0
DA:120,0
DA:125,0
DA:133,1
DA:134,0
DA:135,0
DA:137,0
DA:139,0
DA:141,0
DA:143,0
DA:148,0
LF:55
LH:9
BRDA:14,0,0,0
BRDA:14,0,1,0
BRDA:14,1,0,0
BRDA:14,1,1,0
BRDA:15,2,0,0
BRDA:15,2,1,0
BRDA:37,3,0,0
BRDA:37,3,1,0
BRDA:94,4,0,0
BRDA:94,4,1,0
BRDA:94,5,0,0
BRDA:94,5,1,0
BRDA:114,6,0,0
BRDA:114,6,1,0
BRDA:114,7,0,0
BRDA:114,7,1,0
BRDA:118,8,0,0
BRDA:118,8,1,0
BRDA:137,9,0,0
BRDA:137,9,1,0
BRDA:141,10,0,0
BRDA:141,10,1,0
BRF:22
BRH:0
end_of_record
TN:
SF:controllers/reviews.js
FN:10,(anonymous_0)
FN:22,(anonymous_1)
FN:40,(anonymous_2)
FN:61,(anonymous_3)
FN:84,(anonymous_4)
FN:107,(anonymous_5)
FNF:6
FNH:0
FNDA:0,(anonymous_0)
FNDA:0,(anonymous_1)
FNDA:0,(anonymous_2)
FNDA:0,(anonymous_3)
FNDA:0,(anonymous_4)
FNDA:0,(anonymous_5)
DA:3,1
DA:4,1
DA:10,1
DA:11,0
DA:16,0
DA:18,0
DA:20,0
DA:21,0
DA:22,0
DA:23,0
DA:25,0
DA:33,0
DA:40,1
DA:41,0
DA:42,0
DA:44,0
DA:46,0
DA:48,0
DA:54,0
DA:61,1
DA:62,0
DA:63,0
DA:64,0
DA:65,0
DA:67,0
DA:69,0
DA:71,0
DA:77,0
DA:84,1
DA:85,0
DA:86,0
DA:87,0
DA:88,0
DA:90,0
DA:92,0
DA:94,0
DA:100,0
DA:107,1
DA:108,0
DA:109,0
DA:110,0
DA:112,0
DA:114,0
DA:116,0
DA:121,0
LF:45
LH:7
BRDA:18,0,0,0
BRDA:18,0,1,0
BRDA:44,1,0,0
BRDA:44,1,1,0
BRDA:67,2,0,0
BRDA:67,2,1,0
BRDA:90,3,0,0
BRDA:90,3,1,0
BRDA:114,4,0,0
BRDA:114,4,1,0
BRF:10
BRH:0
end_of_record
TN:
SF:controllers/wishlist.js
FN:10,(anonymous_0)
FN:24,(anonymous_1)
FN:39,(anonymous_2)
FNF:3
FNH:0
FNDA:0,(anonymous_0)
FNDA:0,(anonymous_1)
FNDA:0,(anonymous_2)
DA:3,1
DA:4,1
DA:10,1
DA:11,0
DA:12,0
DA:13,0
DA:15,0
DA:17,0
DA:24,1
DA:25,0
DA:26,0
DA:27,0
DA:28,0
DA:30,0
DA:32,0
DA:39,1
DA:40,0
DA:41,0
DA:42,0
DA:43,0
DA:45,0
DA:47,0
LF:22
LH:5
BRDA:28,0,0,0
BRDA:28,0,1,0
BRDA:43,1,0,0
BRDA:43,1,1,0
BRF:4
BRH:0
end_of_record
TN:
SF:helpers/getUserId.js
FN:8,(anonymous_0)
FNF:1
FNH:1
FNDA:28,(anonymous_0)
DA:3,3
DA:4,3
DA:8,3
DA:9,28
DA:10,28
DA:13,27
DA:15,1
DA:19,3
LF:8
LH:8
BRDA:13,0,0,3
BRDA:13,0,1,24
BRF:2
BRH:2
end_of_record
TN:
SF:helpers/removeNonAlphaNumericChars.js
FN:2,(anonymous_0)
FNF:1
FNH:1
FNDA:1,(anonymous_0)
DA:2,2
DA:3,1
DA:5,1
DA:8,2
LF:4
LH:4
BRDA:3,0,0,0
BRDA:3,0,1,1
BRF:2
BRH:1
end_of_record
TN:
SF:helpers/removeNonAlphabeticChars.js
FN:2,(anonymous_0)
FNF:1
FNH:1
FNDA:1,(anonymous_0)
DA:2,2
DA:3,1
DA:5,1
DA:8,2
LF:4
LH:4
BRDA:3,0,0,0
BRDA:3,0,1,1
BRF:2
BRH:1
end_of_record
TN:
SF:helpers/tokens.js
FN:8,(anonymous_0)
FNF:1
FNH:1
FNDA:4,(anonymous_0)
DA:3,2
DA:4,2
DA:5,2
DA:8,2
DA:9,4
DA:11,4
DA:16,4
DA:17,3
DA:20,2
LF:9
LH:9
BRDA:13,0,0,4
BRDA:13,0,1,2
BRDA:16,1,0,1
BRDA:16,1,1,3
BRF:4
BRH:4
end_of_record
TN:
SF:middleware/auth/auth.js
FN:18,authenticateJWT
FN:49,ensureLoggedIn
FN:66,ensureAdmin
FN:84,ensureUser
FN:101,ensureUserOrAdmin
FNF:5
FNH:5
FNDA:5,authenticateJWT
FNDA:2,ensureLoggedIn
FNDA:3,ensureAdmin
FNDA:2,ensureUser
FNDA:4,ensureUserOrAdmin
DA:5,2
DA:6,2
DA:7,2
DA:19,5
DA:25,5
DA:26,5
DA:32,2
DA:33,2
DA:38,4
DA:40,1
DA:50,2
DA:53,2
DA:56,1
DA:58,1
DA:67,3
DA:71,3
DA:74,1
DA:76,2
DA:85,2
DA:86,2
DA:87,1
DA:89,1
DA:91,0
DA:93,1
DA:102,4
DA:104,4
DA:106,4
DA:107,2
DA:110,2
DA:112,2
DA:116,2
LF:31
LH:30
BRDA:25,0,0,5
BRDA:25,0,1,4
BRDA:26,1,0,2
BRDA:26,1,1,3
BRDA:53,2,0,1
BRDA:53,2,1,1
BRDA:71,3,0,2
BRDA:71,3,1,1
BRDA:71,4,0,3
BRDA:71,4,1,2
BRDA:86,5,0,1
BRDA:86,5,1,1
BRDA:86,6,0,2
BRDA:86,6,1,1
BRDA:89,7,0,1
BRDA:89,7,1,0
BRDA:106,8,0,2
BRDA:106,8,1,2
BRDA:106,9,0,4
BRDA:106,9,1,3
BRDA:106,9,2,2
BRF:21
BRH:20
end_of_record
TN:
SF:middleware/validation/validateSchema.js
FN:6,(anonymous_0)
FN:6,(anonymous_1)
FN:11,(anonymous_2)
FNF:3
FNH:3
FNDA:12,(anonymous_0)
FNDA:4,(anonymous_1)
FNDA:3,(anonymous_2)
DA:3,2
DA:4,2
DA:6,12
DA:7,4
DA:9,4
DA:10,3
DA:11,3
DA:15,1
DA:18,2
LF:9
LH:9
BRDA:9,0,0,3
BRDA:9,0,1,1
BRF:2
BRH:2
end_of_record
TN:
SF:models/Cart.js
FN:13,(anonymous_0)
FN:30,(anonymous_1)
FN:62,(anonymous_2)
FN:82,(anonymous_3)
FN:117,(anonymous_4)
FN:161,(anonymous_5)
FNF:6
FNH:6
FNDA:9,(anonymous_0)
FNDA:14,(anonymous_1)
FNDA:4,(anonymous_2)
FNDA:4,(anonymous_3)
FNDA:4,(anonymous_4)
FNDA:2,(anonymous_5)
DA:3,2
DA:4,2
DA:5,2
DA:14,9
DA:16,9
DA:17,8
DA:18,8
DA:21,1
DA:34,14
DA:35,14
DA:36,13
DA:38,13
DA:40,12
DA:50,12
DA:51,12
DA:53,1
DA:63,4
DA:64,4
DA:65,3
DA:67,3
DA:69,3
DA:71,1
DA:84,4
DA:85,4
DA:87,3
DA:89,3
DA:91,3
DA:92,2
DA:94,2
DA:95,2
DA:98,1
DA:101,1
DA:102,1
DA:104,1
DA:106,2
DA:120,4
DA:121,4
DA:124,3
DA:126,3
DA:129,3
DA:130,3
DA:133,2
DA:134,2
DA:135,2
DA:137,2
DA:140,2
DA:146,2
DA:147,2
DA:149,2
DA:151,2
DA:163,2
DA:164,2
DA:165,2
DA:167,2
DA:168,2
DA:169,2
DA:171,2
DA:174,0
DA:179,2
LF:59
LH:58
BRDA:16,0,0,1
BRDA:16,0,1,8
BRDA:18,1,0,3
BRDA:18,1,1,5
BRDA:35,2,0,1
BRDA:35,2,1,13
BRDA:38,3,0,1
BRDA:38,3,1,12
BRDA:51,4,0,5
BRDA:51,4,1,7
BRDA:64,5,0,1
BRDA:64,5,1,3
BRDA:69,6,0,2
BRDA:69,6,1,1
BRDA:82,7,0,3
BRDA:85,8,0,1
BRDA:85,8,1,3
BRDA:91,9,0,1
BRDA:91,9,1,2
BRDA:95,10,0,1
BRDA:95,10,1,1
BRDA:117,11,0,0
BRDA:121,12,0,1
BRDA:121,12,1,3
BRDA:130,13,0,1
BRDA:130,13,1,2
BRDA:137,14,0,1
BRDA:137,14,1,1
BRDA:149,15,0,2
BRDA:149,15,1,1
BRDA:164,16,0,0
BRDA:164,16,1,2
BRDA:171,17,0,1
BRDA:171,17,1,1
BRF:34
BRH:32
end_of_record
TN:
SF:models/Categories.js
FN:16,(anonymous_0)
FN:38,(anonymous_1)
FN:54,(anonymous_2)
FN:75,(anonymous_3)
FN:124,(anonymous_4)
FN:157,(anonymous_5)
FNF:6
FNH:0
FNDA:0,(anonymous_0)
FNDA:0,(anonymous_1)
FNDA:0,(anonymous_2)
FNDA:0,(anonymous_3)
FNDA:0,(anonymous_4)
FNDA:0,(anonymous_5)
DA:3,1
DA:4,1
DA:5,1
DA:17,0
DA:18,0
DA:23,0
DA:24,0
DA:26,0
DA:27,0
DA:39,0
DA:40,0
DA:41,0
DA:42,0
DA:43,0
DA:45,0
DA:46,0
DA:55,0
DA:56,0
DA:58,0
DA:61,0
DA:63,0
DA:64,0
DA:66,0
DA:67,0
DA:76,0
DA:78,0
DA:79,0
DA:81,0
DA:84,0
DA:87,0
DA:90,0
DA:91,0
DA:93,0
DA:94,0
DA:98,0
DA:99,0
DA:101,0
DA:103,0
DA:104,0
DA:125,0
DA:126,0
DA:149,0
DA:150,0
DA:152,0
DA:153,0
DA:158,0
DA:159,0
DA:161,0
DA:163,0
DA:167,0
DA:168,0
DA:173,1
LF:52
LH:4
BRDA:16,0,0,0
BRDA:24,1,0,0
BRDA:24,1,1,0
BRDA:43,2,0,0
BRDA:43,2,1,0
BRDA:63,3,0,0
BRDA:63,3,1,0
BRDA:78,4,0,0
BRDA:78,4,1,0
BRDA:78,5,0,0
BRDA:78,5,1,0
BRDA:90,6,0,0
BRDA:90,6,1,0
BRDA:93,7,0,0
BRDA:93,7,1,0
BRDA:150,8,0,0
BRDA:150,8,1,0
BRDA:163,9,0,0
BRDA:163,9,1,0
BRF:19
BRH:0
end_of_record
TN:
SF:models/Orders.js
FN:11,(anonymous_0)
FN:25,(anonymous_1)
FN:31,(anonymous_2)
FN:57,(anonymous_3)
FN:58,(anonymous_4)
FN:58,(anonymous_5)
FNF:6
FNH:0
FNDA:0,(anonymous_0)
FNDA:0,(anonymous_1)
FNDA:0,(anonymous_2)
FNDA:0,(anonymous_3)
FNDA:0,(anonymous_4)
FNDA:0,(anonymous_5)
DA:3,1
DA:4,1
DA:5,1
DA:12,0
DA:13,0
DA:14,0
DA:17,0
DA:18,0
DA:20,0
DA:26,0
DA:27,0
DA:31,0
DA:33,0
DA:35,0
DA:37,0
DA:39,0
DA:40,0
DA:44,0
DA:46,0
DA:49,0
DA:51,0
DA:52,0
DA:56,0
DA:57,0
DA:58,0
DA:61,0
DA:66,1
LF:27
LH:4
BRF:0
BRH:0
end_of_record
TN:
SF:models/Products.js
FN:15,(anonymous_0)
FN:49,(anonymous_1)
FN:83,(anonymous_2)
FN:128,(anonymous_3)
FN:221,(anonymous_4)
FN:251,(anonymous_5)
FN:292,(anonymous_6)
FNF:7
FNH:0
FNDA:0,(anonymous_0)
FNDA:0,(anonymous_1)
FNDA:0,(anonymous_2)
FNDA:0,(anonymous_3)
FNDA:0,(anonymous_4)
FNDA:0,(anonymous_5)
FNDA:0,(anonymous_6)
DA:3,1
DA:4,1
DA:5,1
DA:16,0
DA:17,0
DA:35,0
DA:37,0
DA:39,0
DA:40,0
DA:50,0
DA:51,0
DA:67,0
DA:69,0
DA:71,0
DA:72,0
DA:84,0
DA:85,0
DA:90,0
DA:110,0
DA:111,0
DA:113,0
DA:114,0
DA:116,0
DA:117,0
DA:129,0
DA:130,0
DA:147,0
DA:150,0
DA:157,0
DA:159,0
DA:170,0
DA:172,0
DA:174,0
DA:175,0
DA:185,0
DA:187,0
DA:206,0
DA:207,0
DA:209,0
DA:210,0
DA:212,0
DA:213,0
DA:222,0
DA:224,0
DA:225,0
DA:228,0
DA:229,0
DA:232,0
DA:237,0
DA:238,0
DA:240,0
DA:241,0
DA:243,0
DA:244,0
DA:252,0
DA:255,0
DA:257,0
DA:259,0
DA:262,0
DA:267,0
DA:269,0
DA:271,0
DA:273,0
DA:274,0
DA:276,0
DA:279,0
DA:283,0
DA:284,0
DA:293,0
DA:294,0
DA:297,0
DA:298,0
DA:302,0
DA:303,0
DA:308,1
LF:75
LH:4
BRDA:15,0,0,0
BRDA:37,1,0,0
BRDA:37,1,1,0
BRDA:69,2,0,0
BRDA:69,2,1,0
BRDA:113,3,0,0
BRDA:113,3,1,0
BRDA:141,4,0,0
BRDA:150,5,0,0
BRDA:150,5,1,0
BRDA:172,6,0,0
BRDA:172,6,1,0
BRDA:209,7,0,0
BRDA:209,7,1,0
BRDA:225,8,0,0
BRDA:225,8,1,0
BRDA:229,9,0,0
BRDA:229,9,1,0
BRDA:240,10,0,0
BRDA:240,10,1,0
BRDA:257,11,0,0
BRDA:257,11,1,0
BRDA:271,12,0,0
BRDA:271,12,1,0
BRDA:273,13,0,0
BRDA:273,13,1,0
BRDA:279,14,0,0
BRDA:279,14,1,0
BRDA:298,15,0,0
BRDA:298,15,1,0
BRF:30
BRH:0
end_of_record
TN:
SF:models/Reviews.js
FN:9,(anonymous_0)
FN:32,(anonymous_1)
FN:54,(anonymous_2)
FN:78,(anonymous_3)
FN:136,(anonymous_4)
FNF:5
FNH:0
FNDA:0,(anonymous_0)
FNDA:0,(anonymous_1)
FNDA:0,(anonymous_2)
FNDA:0,(anonymous_3)
FNDA:0,(anonymous_4)
DA:3,1
DA:4,1
DA:5,1
DA:10,0
DA:11,0
DA:13,0
DA:22,0
DA:23,0
DA:25,0
DA:27,0
DA:33,0
DA:34,0
DA:46,0
DA:47,0
DA:49,0
DA:55,0
DA:56,0
DA:58,0
DA:67,0
DA:68,0
DA:70,0
DA:71,0
DA:73,0
DA:79,0
DA:80,0
DA:82,0
DA:89,0
DA:94,0
DA:96,0
DA:97,0
DA:102,0
DA:103,0
DA:106,0
DA:113,0
DA:125,0
DA:126,0
DA:128,0
DA:129,0
DA:131,0
DA:137,0
DA:138,0
DA:140,0
DA:146,0
DA:148,0
DA:150,0
DA:154,0
DA:159,1
LF:47
LH:4
BRDA:25,0,0,0
BRDA:25,0,1,0
BRDA:47,1,0,0
BRDA:47,1,1,0
BRDA:70,2,0,0
BRDA:70,2,1,0
BRDA:80,3,0,0
BRDA:80,3,1,0
BRDA:97,4,0,0
BRDA:97,4,1,0
BRDA:128,5,0,0
BRDA:128,5,1,0
BRDA:150,6,0,0
BRDA:150,6,1,0
BRF:14
BRH:0
end_of_record
TN:
SF:models/Users.js
FN:13,(anonymous_0)
FN:37,(anonymous_1)
FNF:2
FNH:0
FNDA:0,(anonymous_0)
FNDA:0,(anonymous_1)
DA:3,1
DA:4,1
DA:5,1
DA:9,1
DA:14,0
DA:16,0
DA:18,0
DA:23,0
DA:26,0
DA:27,0
DA:29,0
DA:30,0
DA:33,0
DA:38,0
DA:39,0
DA:51,0
DA:55,0
DA:56,0
DA:58,0
DA:59,0
DA:62,0
DA:64,0
DA:66,0
DA:67,0
DA:68,0
DA:72,0
DA:75,0
DA:81,1
LF:28
LH:5
BRDA:13,0,0,0
BRDA:27,1,0,0
BRDA:27,1,1,0
BRDA:62,2,0,0
BRDA:62,2,1,0
BRDA:66,3,0,0
BRDA:66,3,1,0
BRF:7
BRH:0
end_of_record
TN:
SF:models/Wishlist.js
FN:10,(anonymous_0)
FN:25,(anonymous_1)
FN:46,(anonymous_2)
FNF:3
FNH:0
FNDA:0,(anonymous_0)
FNDA:0,(anonymous_1)
FNDA:0,(anonymous_2)
DA:3,1
DA:4,1
DA:6,1
DA:11,0
DA:12,0
DA:15,0
DA:16,0
DA:17,0
DA:19,0
DA:21,0
DA:26,0
DA:27,0
DA:30,0
DA:35,0
DA:36,0
DA:37,0
DA:40,0
DA:42,0
DA:47,0
DA:48,0
DA:51,0
DA:52,0
DA:53,0
DA:56,0
DA:59,0
DA:64,1
LF:26
LH:4
BRDA:40,0,0,0
BRDA:40,0,1,0
BRDA:56,1,0,0
BRDA:56,1,1,0
BRF:4
BRH:0
end_of_record
TN:
SF:routes/auth.js
FNF:0
FNH:0
DA:6,1
DA:7,1
DA:8,1
DA:9,1
DA:10,1
DA:12,1
DA:16,1
DA:20,1
LF:8
LH:8
BRF:0
BRH:0
end_of_record
TN:
SF:routes/cart.js
FNF:0
FNH:0
DA:9,1
DA:10,1
DA:11,1
DA:13,1
DA:18,1
DA:25,1
LF:6
LH:6
BRF:0
BRH:0
end_of_record
TN:
SF:routes/categories.js
FNF:0
FNH:0
DA:10,1
DA:11,1
DA:13,1
DA:14,1
DA:15,1
DA:17,1
DA:22,1
DA:27,1
DA:32,1
DA:36,1
DA:39,1
LF:11
LH:11
BRF:0
BRH:0
end_of_record
TN:
SF:routes/checkout.js
FNF:0
FNH:0
DA:7,1
DA:9,1
DA:10,1
DA:12,1
DA:16,1
LF:5
LH:5
BRF:0
BRH:0
end_of_record
TN:
SF:routes/products.js
FNF:0
FNH:0
DA:13,1
DA:15,1
DA:16,1
DA:18,1
DA:19,1
DA:20,1
DA:22,1
DA:27,1
DA:33,1
DA:38,1
LF:10
LH:10
BRF:0
BRH:0
end_of_record
TN:
SF:routes/reviews.js
FNF:0
FNH:0
DA:9,1
DA:10,1
DA:12,1
DA:13,1
DA:14,1
DA:16,1
DA:18,1
DA:22,1
DA:29,1
LF:9
LH:9
BRF:0
BRH:0
end_of_record
TN:
SF:routes/wishlist.js
FNF:0
FNH:0
DA:7,1
DA:8,1
DA:9,1
DA:11,1
DA:15,1
DA:20,1
LF:6
LH:6
BRF:0
BRH:0
end_of_record
